25-09-02.20:03:44.604 [main            ] INFO  AwardDaoTest           - Starting AwardDaoTest using Java 1.8.0_462 on DESKTOP-8JHLMP8 with PID 4036 (started by XDUAI in D:\javacode\WebProj\big-market\big-market\big-market-app)
25-09-02.20:03:44.605 [main            ] INFO  AwardDaoTest           - The following 1 profile is active: "dev"
25-09-02.20:03:47.082 [main            ] INFO  AwardDaoTest           - Started AwardDaoTest in 2.87 seconds (JVM running for 4.031)
25-09-02.20:03:47.455 [main            ] INFO  HikariDataSource       - HikariPool-1 - Starting...
25-09-02.20:03:48.263 [main            ] INFO  HikariDataSource       - HikariPool-1 - Start completed.
25-09-02.20:03:48.301 [main            ] INFO  AwardDaoTest           - []
25-09-02.20:03:48.339 [SpringApplicationShutdownHook] INFO  HikariDataSource       - HikariPool-1 - Shutdown initiated...
25-09-02.20:03:48.351 [SpringApplicationShutdownHook] INFO  HikariDataSource       - HikariPool-1 - Shutdown completed.
25-09-02.20:06:01.660 [main            ] INFO  AwardDaoTest           - Starting AwardDaoTest using Java 1.8.0_462 on DESKTOP-8JHLMP8 with PID 11392 (started by XDUAI in D:\javacode\WebProj\big-market\big-market\big-market-app)
25-09-02.20:06:01.661 [main            ] INFO  AwardDaoTest           - The following 1 profile is active: "dev"
25-09-02.20:06:03.549 [main            ] INFO  AwardDaoTest           - Started AwardDaoTest in 2.29 seconds (JVM running for 3.247)
25-09-02.20:06:03.788 [main            ] INFO  HikariDataSource       - HikariPool-1 - Starting...
25-09-02.20:06:04.079 [main            ] INFO  HikariDataSource       - HikariPool-1 - Start completed.
25-09-02.20:06:04.119 [main            ] INFO  AwardDaoTest           - []
25-09-02.20:06:04.140 [SpringApplicationShutdownHook] INFO  HikariDataSource       - HikariPool-1 - Shutdown initiated...
25-09-02.20:06:04.144 [SpringApplicationShutdownHook] INFO  HikariDataSource       - HikariPool-1 - Shutdown completed.
25-09-02.20:06:49.453 [main            ] INFO  AwardDaoTest           - Starting AwardDaoTest using Java 1.8.0_462 on DESKTOP-8JHLMP8 with PID 26972 (started by XDUAI in D:\javacode\WebProj\big-market\big-market\big-market-app)
25-09-02.20:06:49.455 [main            ] INFO  AwardDaoTest           - The following 1 profile is active: "dev"
25-09-02.20:06:51.105 [main            ] INFO  AwardDaoTest           - Started AwardDaoTest in 2.105 seconds (JVM running for 2.876)
25-09-02.20:06:51.311 [main            ] INFO  HikariDataSource       - HikariPool-1 - Starting...
25-09-02.20:06:51.608 [main            ] INFO  HikariDataSource       - HikariPool-1 - Start completed.
25-09-02.20:06:51.649 [main            ] INFO  AwardDaoTest           - []
25-09-02.20:06:51.657 [SpringApplicationShutdownHook] INFO  HikariDataSource       - HikariPool-1 - Shutdown initiated...
25-09-02.20:06:51.659 [SpringApplicationShutdownHook] INFO  HikariDataSource       - HikariPool-1 - Shutdown completed.
25-09-02.20:08:52.183 [main            ] INFO  StrategyAwardDaoTest   - Starting StrategyAwardDaoTest using Java 1.8.0_462 on DESKTOP-8JHLMP8 with PID 20788 (started by XDUAI in D:\javacode\WebProj\big-market\big-market\big-market-app)
25-09-02.20:08:52.183 [main            ] INFO  StrategyAwardDaoTest   - The following 1 profile is active: "dev"
25-09-02.20:08:53.952 [main            ] INFO  StrategyAwardDaoTest   - Started StrategyAwardDaoTest in 2.22 seconds (JVM running for 2.906)
25-09-02.20:08:54.159 [main            ] INFO  HikariDataSource       - HikariPool-1 - Starting...
25-09-02.20:08:54.439 [main            ] INFO  HikariDataSource       - HikariPool-1 - Start completed.
25-09-02.20:08:54.474 [main            ] INFO  StrategyAwardDaoTest   - [StrategyAward(id=null, strategyId=10001, awardId=null, awardTitle=null, awardSubTitle=null, awardCount=null, awardCountSurplus=null, awardRate=null, sort=null, createTime=null, updateTime=null, ruleModels=null), StrategyAward(id=null, strategyId=10001, awardId=null, awardTitle=null, awardSubTitle=null, awardCount=null, awardCountSurplus=null, awardRate=null, sort=null, createTime=null, updateTime=null, ruleModels=null), StrategyAward(id=null, strategyId=10001, awardId=null, awardTitle=null, awardSubTitle=null, awardCount=null, awardCountSurplus=null, awardRate=null, sort=null, createTime=null, updateTime=null, ruleModels=null), StrategyAward(id=null, strategyId=10001, awardId=null, awardTitle=null, awardSubTitle=null, awardCount=null, awardCountSurplus=null, awardRate=null, sort=null, createTime=null, updateTime=null, ruleModels=null), StrategyAward(id=null, strategyId=10001, awardId=null, awardTitle=null, awardSubTitle=null, awardCount=null, awardCountSurplus=null, awardRate=null, sort=null, createTime=null, updateTime=null, ruleModels=null), StrategyAward(id=null, strategyId=10001, awardId=null, awardTitle=null, awardSubTitle=null, awardCount=null, awardCountSurplus=null, awardRate=null, sort=null, createTime=null, updateTime=null, ruleModels=null), StrategyAward(id=null, strategyId=10001, awardId=null, awardTitle=null, awardSubTitle=null, awardCount=null, awardCountSurplus=null, awardRate=null, sort=null, createTime=null, updateTime=null, ruleModels=null), StrategyAward(id=null, strategyId=10001, awardId=null, awardTitle=null, awardSubTitle=null, awardCount=null, awardCountSurplus=null, awardRate=null, sort=null, createTime=null, updateTime=null, ruleModels=null)]
25-09-02.20:08:54.482 [SpringApplicationShutdownHook] INFO  HikariDataSource       - HikariPool-1 - Shutdown initiated...
25-09-02.20:08:54.485 [SpringApplicationShutdownHook] INFO  HikariDataSource       - HikariPool-1 - Shutdown completed.
25-09-02.20:09:27.475 [main            ] INFO  StrategyAwardDaoTest   - Starting StrategyAwardDaoTest using Java 1.8.0_462 on DESKTOP-8JHLMP8 with PID 29612 (started by XDUAI in D:\javacode\WebProj\big-market\big-market\big-market-app)
25-09-02.20:09:27.476 [main            ] INFO  StrategyAwardDaoTest   - The following 1 profile is active: "dev"
25-09-02.20:09:29.321 [main            ] INFO  StrategyAwardDaoTest   - Started StrategyAwardDaoTest in 2.332 seconds (JVM running for 3.042)
25-09-02.20:09:29.533 [main            ] INFO  HikariDataSource       - HikariPool-1 - Starting...
25-09-02.20:09:29.795 [main            ] INFO  HikariDataSource       - HikariPool-1 - Start completed.
25-09-02.20:09:29.831 [main            ] INFO  StrategyAwardDaoTest   - [StrategyAward(id=null, strategyId=10001, awardId=null, awardTitle=null, awardSubTitle=null, awardCount=null, awardCountSurplus=null, awardRate=null, sort=null, createTime=null, updateTime=null, ruleModels=null), StrategyAward(id=null, strategyId=10001, awardId=null, awardTitle=null, awardSubTitle=null, awardCount=null, awardCountSurplus=null, awardRate=null, sort=null, createTime=null, updateTime=null, ruleModels=null), StrategyAward(id=null, strategyId=10001, awardId=null, awardTitle=null, awardSubTitle=null, awardCount=null, awardCountSurplus=null, awardRate=null, sort=null, createTime=null, updateTime=null, ruleModels=null), StrategyAward(id=null, strategyId=10001, awardId=null, awardTitle=null, awardSubTitle=null, awardCount=null, awardCountSurplus=null, awardRate=null, sort=null, createTime=null, updateTime=null, ruleModels=null), StrategyAward(id=null, strategyId=10001, awardId=null, awardTitle=null, awardSubTitle=null, awardCount=null, awardCountSurplus=null, awardRate=null, sort=null, createTime=null, updateTime=null, ruleModels=null), StrategyAward(id=null, strategyId=10001, awardId=null, awardTitle=null, awardSubTitle=null, awardCount=null, awardCountSurplus=null, awardRate=null, sort=null, createTime=null, updateTime=null, ruleModels=null), StrategyAward(id=null, strategyId=10001, awardId=null, awardTitle=null, awardSubTitle=null, awardCount=null, awardCountSurplus=null, awardRate=null, sort=null, createTime=null, updateTime=null, ruleModels=null), StrategyAward(id=null, strategyId=10001, awardId=null, awardTitle=null, awardSubTitle=null, awardCount=null, awardCountSurplus=null, awardRate=null, sort=null, createTime=null, updateTime=null, ruleModels=null)]
25-09-02.20:09:29.840 [SpringApplicationShutdownHook] INFO  HikariDataSource       - HikariPool-1 - Shutdown initiated...
25-09-02.20:09:29.843 [SpringApplicationShutdownHook] INFO  HikariDataSource       - HikariPool-1 - Shutdown completed.
25-09-02.20:12:18.305 [main            ] INFO  StrategyRuleDaoTest    - Starting StrategyRuleDaoTest using Java 1.8.0_462 on DESKTOP-8JHLMP8 with PID 18388 (started by XDUAI in D:\javacode\WebProj\big-market\big-market\big-market-app)
25-09-02.20:12:18.306 [main            ] INFO  StrategyRuleDaoTest    - The following 1 profile is active: "dev"
25-09-02.20:12:19.986 [main            ] INFO  StrategyRuleDaoTest    - Started StrategyRuleDaoTest in 2.101 seconds (JVM running for 2.824)
25-09-02.20:12:20.195 [main            ] INFO  HikariDataSource       - HikariPool-1 - Starting...
25-09-02.20:12:20.484 [main            ] INFO  HikariDataSource       - HikariPool-1 - Start completed.
25-09-02.20:12:20.520 [main            ] INFO  StrategyRuleDaoTest    - [StrategyRule(id=null, strategyId=10001, awardId=null, ruleType=null, ruleModel=null, ruleValue=null, ruleDesc=null, createTime=null, updateTime=null), StrategyRule(id=null, strategyId=10001, awardId=null, ruleType=null, ruleModel=null, ruleValue=null, ruleDesc=null, createTime=null, updateTime=null), StrategyRule(id=null, strategyId=10001, awardId=null, ruleType=null, ruleModel=null, ruleValue=null, ruleDesc=null, createTime=null, updateTime=null), StrategyRule(id=null, strategyId=10001, awardId=null, ruleType=null, ruleModel=null, ruleValue=null, ruleDesc=null, createTime=null, updateTime=null), StrategyRule(id=null, strategyId=10001, awardId=null, ruleType=null, ruleModel=null, ruleValue=null, ruleDesc=null, createTime=null, updateTime=null), StrategyRule(id=null, strategyId=10001, awardId=null, ruleType=null, ruleModel=null, ruleValue=null, ruleDesc=null, createTime=null, updateTime=null), StrategyRule(id=null, strategyId=10001, awardId=null, ruleType=null, ruleModel=null, ruleValue=null, ruleDesc=null, createTime=null, updateTime=null)]
25-09-02.20:12:20.530 [SpringApplicationShutdownHook] INFO  HikariDataSource       - HikariPool-1 - Shutdown initiated...
25-09-02.20:12:20.532 [SpringApplicationShutdownHook] INFO  HikariDataSource       - HikariPool-1 - Shutdown completed.
