25-09-17.16:31:04.255 [main            ] INFO  RaffleOrderTest        - Starting RaffleOrderTest using Java 1.8.0_462 on DESKTOP-8JHLMP8 with PID 13176 (started by XDUAI in D:\javacode\WebProj\big-market\big-market\big-market-app)
25-09-17.16:31:04.256 [main            ] INFO  RaffleOrderTest        - The following 1 profile is active: "dev"
25-09-17.16:31:05.205 [main            ] INFO  RepositoryConfigurationDelegate - Multiple Spring Data modules found, entering strict repository configuration mode
25-09-17.16:31:05.208 [main            ] INFO  RepositoryConfigurationDelegate - Bootstrapping Spring Data Redis repositories in DEFAULT mode.
25-09-17.16:31:05.243 [main            ] INFO  RepositoryConfigurationDelegate - Finished Spring Data repository scanning in 20 ms. Found 0 Redis repository interfaces.
25-09-17.16:31:06.246 [main            ] INFO  Version                - Redisson 3.23.4
25-09-17.16:31:06.611 [redisson-netty-2-4] INFO  MasterPubSubConnectionPool - 1 connections initialized for 127.0.0.1/127.0.0.1:6379
25-09-17.16:31:06.625 [redisson-netty-2-13] INFO  MasterConnectionPool   - 5 connections initialized for 127.0.0.1/127.0.0.1:6379
25-09-17.16:31:09.568 [main            ] INFO  EndpointLinksResolver  - Exposing 1 endpoint(s) beneath base path '/actuator'
25-09-17.16:31:09.651 [main            ] INFO  CachingConnectionFactory - Attempting to connect to: [127.0.0.1:5672]
25-09-17.16:31:09.728 [main            ] INFO  CachingConnectionFactory - Created new connection: rabbitConnectionFactory#7574d4ad:0/SimpleConnection@410f53b2 [delegate=amqp://admin@127.0.0.1:5672/, localPort= 61067]
25-09-17.16:31:09.803 [main            ] INFO  RaffleOrderTest        - Started RaffleOrderTest in 5.931 seconds (JVM running for 13.49)
25-09-17.16:31:10.009 [scheduling-1    ] INFO  UpdateAwardStockJob    - 定时任务，更新奖品消耗库存【延迟队列获取，降低对数据库的更新频次，不要产生竞争】
25-09-17.16:31:10.011 [main            ] INFO  HikariDataSource       - Retail_HikariCP - Starting...
25-09-17.16:31:10.020 [scheduling-1    ] INFO  UpdateAwardStockJob    - 当前无事务
25-09-17.16:31:10.021 [scheduling-1    ] INFO  UpdateActivitySkuStockJob - 定时任务，更新活动sku库存【延迟队列获取，降低对数据库的更新频次，不要产生竞争】
25-09-17.16:31:10.435 [main            ] INFO  HikariDataSource       - Retail_HikariCP - Start completed.
25-09-17.16:31:10.523 [main            ] INFO  RaffleOrderTest        - 装配活动：false
25-09-17.16:31:10.555 [main            ] INFO  ActivityBaseActionChain - 活动责任链-基础信息【有效期，状态】校验开始
25-09-17.16:31:10.555 [main            ] INFO  ActivitySkuStockActionChain - 活动责任链-库存信息【有效期，状态】校验开始sku:9011,activityId:100301
25-09-17.16:31:10.560 [main            ] INFO  ActivitySkuStockActionChain - 活动责任链-商品库存处理【有效期库存处理成功】sku:9011,activityId:100301
25-09-17.16:31:10.586 [main            ] INFO  HikariDataSource       - Retail_HikariCP - Starting...
25-09-17.16:31:10.605 [main            ] INFO  HikariDataSource       - Retail_HikariCP - Start completed.
25-09-17.16:31:10.773 [main            ] INFO  RaffleOrderTest        - 测试结果：3QUDBDdALkWQ
25-09-17.16:31:10.778 [main            ] INFO  ActivityBaseActionChain - 活动责任链-基础信息【有效期，状态】校验开始
25-09-17.16:31:10.779 [main            ] INFO  ActivitySkuStockActionChain - 活动责任链-库存信息【有效期，状态】校验开始sku:9011,activityId:100301
25-09-17.16:31:10.782 [main            ] INFO  ActivitySkuStockActionChain - 活动责任链-商品库存处理【有效期库存处理成功】sku:9011,activityId:100301
25-09-17.16:31:10.939 [main            ] INFO  RaffleOrderTest        - 测试结果：IA2729SAyGAM
25-09-17.16:31:10.944 [main            ] INFO  ActivityBaseActionChain - 活动责任链-基础信息【有效期，状态】校验开始
25-09-17.16:31:10.944 [main            ] INFO  ActivitySkuStockActionChain - 活动责任链-库存信息【有效期，状态】校验开始sku:9011,activityId:100301
25-09-17.16:31:10.947 [main            ] INFO  ActivitySkuStockActionChain - 活动责任链-商品库存处理【有效期库存处理成功】sku:9011,activityId:100301
25-09-17.16:31:11.150 [main            ] INFO  RaffleOrderTest        - 测试结果：t40UFuBVMfRZ
25-09-17.16:31:11.156 [main            ] INFO  ActivityBaseActionChain - 活动责任链-基础信息【有效期，状态】校验开始
25-09-17.16:31:11.156 [main            ] INFO  ActivitySkuStockActionChain - 活动责任链-库存信息【有效期，状态】校验开始sku:9011,activityId:100301
25-09-17.16:31:11.159 [main            ] INFO  ActivitySkuStockActionChain - 活动责任链-商品库存处理【有效期库存处理成功】sku:9011,activityId:100301
25-09-17.16:31:11.418 [main            ] INFO  RaffleOrderTest        - 测试结果：PgD2NxV5TNNi
25-09-17.16:31:11.423 [main            ] INFO  ActivityBaseActionChain - 活动责任链-基础信息【有效期，状态】校验开始
25-09-17.16:31:11.423 [main            ] INFO  ActivitySkuStockActionChain - 活动责任链-库存信息【有效期，状态】校验开始sku:9011,activityId:100301
25-09-17.16:31:11.425 [main            ] INFO  ActivitySkuStockActionChain - 活动责任链-商品库存处理【有效期库存处理成功】sku:9011,activityId:100301
25-09-17.16:31:11.684 [main            ] INFO  RaffleOrderTest        - 测试结果：uoO5tvKLnxjf
25-09-17.16:31:11.689 [main            ] INFO  ActivityBaseActionChain - 活动责任链-基础信息【有效期，状态】校验开始
25-09-17.16:31:11.689 [main            ] INFO  ActivitySkuStockActionChain - 活动责任链-库存信息【有效期，状态】校验开始sku:9011,activityId:100301
25-09-17.16:31:11.691 [main            ] INFO  ActivitySkuStockActionChain - 活动责任链-商品库存处理【有效期库存处理成功】sku:9011,activityId:100301
25-09-17.16:31:12.510 [main            ] INFO  RaffleOrderTest        - 测试结果：tm3jkDWBLcLH
25-09-17.16:31:12.516 [main            ] INFO  ActivityBaseActionChain - 活动责任链-基础信息【有效期，状态】校验开始
25-09-17.16:31:12.516 [main            ] INFO  ActivitySkuStockActionChain - 活动责任链-库存信息【有效期，状态】校验开始sku:9011,activityId:100301
25-09-17.16:31:12.518 [main            ] INFO  ActivitySkuStockActionChain - 活动责任链-商品库存处理【有效期库存处理成功】sku:9011,activityId:100301
25-09-17.16:31:12.809 [main            ] INFO  RaffleOrderTest        - 测试结果：EEdcDfCEmfN8
25-09-17.16:31:12.814 [main            ] INFO  ActivityBaseActionChain - 活动责任链-基础信息【有效期，状态】校验开始
25-09-17.16:31:12.814 [main            ] INFO  ActivitySkuStockActionChain - 活动责任链-库存信息【有效期，状态】校验开始sku:9011,activityId:100301
25-09-17.16:31:12.816 [main            ] INFO  ActivitySkuStockActionChain - 活动责任链-商品库存处理【有效期库存处理成功】sku:9011,activityId:100301
25-09-17.16:31:13.103 [main            ] INFO  RaffleOrderTest        - 测试结果：mAdUeCqk2VtV
25-09-17.16:31:13.107 [main            ] INFO  ActivityBaseActionChain - 活动责任链-基础信息【有效期，状态】校验开始
25-09-17.16:31:13.107 [main            ] INFO  ActivitySkuStockActionChain - 活动责任链-库存信息【有效期，状态】校验开始sku:9011,activityId:100301
25-09-17.16:31:13.109 [main            ] INFO  ActivitySkuStockActionChain - 活动责任链-商品库存处理【有效期库存处理成功】sku:9011,activityId:100301
25-09-17.16:31:13.512 [main            ] INFO  RaffleOrderTest        - 测试结果：o2qpaBGohMST
25-09-17.16:31:13.517 [main            ] INFO  ActivityBaseActionChain - 活动责任链-基础信息【有效期，状态】校验开始
25-09-17.16:31:13.517 [main            ] INFO  ActivitySkuStockActionChain - 活动责任链-库存信息【有效期，状态】校验开始sku:9011,activityId:100301
25-09-17.16:31:13.519 [main            ] INFO  ActivitySkuStockActionChain - 活动责任链-商品库存处理【有效期库存处理成功】sku:9011,activityId:100301
25-09-17.16:31:13.750 [main            ] INFO  RaffleOrderTest        - 测试结果：FivRCNR81dwQ
25-09-17.16:31:13.755 [main            ] INFO  ActivityBaseActionChain - 活动责任链-基础信息【有效期，状态】校验开始
25-09-17.16:31:13.755 [main            ] INFO  ActivitySkuStockActionChain - 活动责任链-库存信息【有效期，状态】校验开始sku:9011,activityId:100301
25-09-17.16:31:13.757 [main            ] INFO  ActivitySkuStockActionChain - 活动责任链-商品库存处理【有效期库存处理成功】sku:9011,activityId:100301
25-09-17.16:31:13.951 [main            ] INFO  RaffleOrderTest        - 测试结果：f4yvVN6QmBG4
25-09-17.16:31:13.958 [main            ] INFO  ActivityBaseActionChain - 活动责任链-基础信息【有效期，状态】校验开始
25-09-17.16:31:13.958 [main            ] INFO  ActivitySkuStockActionChain - 活动责任链-库存信息【有效期，状态】校验开始sku:9011,activityId:100301
25-09-17.16:31:13.962 [main            ] INFO  ActivitySkuStockActionChain - 活动责任链-商品库存处理【有效期库存处理成功】sku:9011,activityId:100301
25-09-17.16:31:14.150 [main            ] INFO  RaffleOrderTest        - 测试结果：PPPhpI3Rn76J
25-09-17.16:31:14.155 [main            ] INFO  ActivityBaseActionChain - 活动责任链-基础信息【有效期，状态】校验开始
25-09-17.16:31:14.155 [main            ] INFO  ActivitySkuStockActionChain - 活动责任链-库存信息【有效期，状态】校验开始sku:9011,activityId:100301
25-09-17.16:31:14.158 [main            ] INFO  ActivitySkuStockActionChain - 活动责任链-商品库存处理【有效期库存处理成功】sku:9011,activityId:100301
25-09-17.16:31:14.359 [main            ] INFO  RaffleOrderTest        - 测试结果：Q5pc3l1YBP2o
25-09-17.16:31:14.364 [main            ] INFO  ActivityBaseActionChain - 活动责任链-基础信息【有效期，状态】校验开始
25-09-17.16:31:14.364 [main            ] INFO  ActivitySkuStockActionChain - 活动责任链-库存信息【有效期，状态】校验开始sku:9011,activityId:100301
25-09-17.16:31:14.366 [main            ] INFO  ActivitySkuStockActionChain - 活动责任链-商品库存处理【有效期库存处理成功】sku:9011,activityId:100301
25-09-17.16:31:14.634 [main            ] INFO  RaffleOrderTest        - 测试结果：1NAYdt2cwMpb
25-09-17.16:31:14.639 [main            ] INFO  ActivityBaseActionChain - 活动责任链-基础信息【有效期，状态】校验开始
25-09-17.16:31:14.639 [main            ] INFO  ActivitySkuStockActionChain - 活动责任链-库存信息【有效期，状态】校验开始sku:9011,activityId:100301
25-09-17.16:31:14.640 [main            ] INFO  ActivitySkuStockActionChain - 活动责任链-商品库存处理【有效期库存处理成功】sku:9011,activityId:100301
25-09-17.16:31:14.785 [main            ] INFO  RaffleOrderTest        - 测试结果：cWDJpoO0TtRu
25-09-17.16:31:14.789 [main            ] INFO  ActivityBaseActionChain - 活动责任链-基础信息【有效期，状态】校验开始
25-09-17.16:31:14.789 [main            ] INFO  ActivitySkuStockActionChain - 活动责任链-库存信息【有效期，状态】校验开始sku:9011,activityId:100301
25-09-17.16:31:14.791 [main            ] INFO  ActivitySkuStockActionChain - 活动责任链-商品库存处理【有效期库存处理成功】sku:9011,activityId:100301
25-09-17.16:31:14.961 [main            ] INFO  RaffleOrderTest        - 测试结果：OaMFouxThFnp
25-09-17.16:31:14.966 [main            ] INFO  ActivityBaseActionChain - 活动责任链-基础信息【有效期，状态】校验开始
25-09-17.16:31:14.966 [main            ] INFO  ActivitySkuStockActionChain - 活动责任链-库存信息【有效期，状态】校验开始sku:9011,activityId:100301
25-09-17.16:31:14.968 [main            ] INFO  ActivitySkuStockActionChain - 活动责任链-商品库存处理【有效期库存处理成功】sku:9011,activityId:100301
25-09-17.16:31:15.002 [scheduling-1    ] INFO  UpdateAwardStockJob    - 定时任务，更新奖品消耗库存【延迟队列获取，降低对数据库的更新频次，不要产生竞争】
25-09-17.16:31:15.004 [scheduling-1    ] INFO  UpdateAwardStockJob    - 当前无事务
25-09-17.16:31:15.004 [scheduling-1    ] INFO  UpdateActivitySkuStockJob - 定时任务，更新活动sku库存【延迟队列获取，降低对数据库的更新频次，不要产生竞争】
25-09-17.16:31:15.005 [scheduling-1    ] INFO  UpdateActivitySkuStockJob - 定时任务，更新活动sku库存 sku:9011 activityId:100301
25-09-17.16:31:15.159 [main            ] INFO  RaffleOrderTest        - 测试结果：ulKfuz7cjV8d
25-09-17.16:31:15.166 [main            ] INFO  ActivityBaseActionChain - 活动责任链-基础信息【有效期，状态】校验开始
25-09-17.16:31:15.166 [main            ] INFO  ActivitySkuStockActionChain - 活动责任链-库存信息【有效期，状态】校验开始sku:9011,activityId:100301
25-09-17.16:31:15.169 [main            ] INFO  ActivitySkuStockActionChain - 活动责任链-商品库存处理【有效期库存处理成功】sku:9011,activityId:100301
25-09-17.16:31:15.310 [main            ] INFO  RaffleOrderTest        - 测试结果：KNKth9D7vDWu
25-09-17.16:31:15.315 [main            ] INFO  ActivityBaseActionChain - 活动责任链-基础信息【有效期，状态】校验开始
25-09-17.16:31:15.315 [main            ] INFO  ActivitySkuStockActionChain - 活动责任链-库存信息【有效期，状态】校验开始sku:9011,activityId:100301
25-09-17.16:31:15.316 [main            ] INFO  ActivitySkuStockActionChain - 活动责任链-商品库存处理【有效期库存处理成功】sku:9011,activityId:100301
25-09-17.16:31:15.563 [main            ] INFO  RaffleOrderTest        - 测试结果：rt1KBmf3uOJD
25-09-17.16:31:15.571 [main            ] INFO  ActivityBaseActionChain - 活动责任链-基础信息【有效期，状态】校验开始
25-09-17.16:31:15.571 [main            ] INFO  ActivitySkuStockActionChain - 活动责任链-库存信息【有效期，状态】校验开始sku:9011,activityId:100301
25-09-17.16:31:15.714 [main            ] INFO  EventPublisher         - 发送MQ消息 topic:activity_sku_stock_zero message:{"data":9011,"id":"55621415321","timestamp":1758097875572}
25-09-17.16:31:15.714 [main            ] WARN  RaffleOrderTest        - 活动库存不足
25-09-17.16:31:15.723 [org.springframework.amqp.rabbit.RabbitListenerEndpointContainer#0-1] INFO  ActivitySkuStockZeroCustomer - 监听活动sku库存消耗为0消息 topic: activity_sku_stock_zero message: {"data":9011,"id":"55621415321","timestamp":1758097875572}
25-09-17.16:31:20.007 [scheduling-1    ] INFO  UpdateAwardStockJob    - 定时任务，更新奖品消耗库存【延迟队列获取，降低对数据库的更新频次，不要产生竞争】
25-09-17.16:31:20.008 [scheduling-1    ] INFO  UpdateAwardStockJob    - 当前无事务
25-09-17.16:31:20.009 [scheduling-1    ] INFO  UpdateActivitySkuStockJob - 定时任务，更新活动sku库存【延迟队列获取，降低对数据库的更新频次，不要产生竞争】
25-09-17.16:31:20.010 [scheduling-1    ] INFO  UpdateActivitySkuStockJob - 定时任务，更新活动sku库存 sku:9011 activityId:100301
25-09-17.16:31:25.015 [scheduling-1    ] INFO  UpdateActivitySkuStockJob - 定时任务，更新活动sku库存【延迟队列获取，降低对数据库的更新频次，不要产生竞争】
25-09-17.16:31:25.017 [scheduling-1    ] INFO  UpdateActivitySkuStockJob - 定时任务，更新活动sku库存 sku:9011 activityId:100301
25-09-17.16:31:25.021 [scheduling-1    ] INFO  UpdateAwardStockJob    - 定时任务，更新奖品消耗库存【延迟队列获取，降低对数据库的更新频次，不要产生竞争】
25-09-17.16:31:25.022 [scheduling-1    ] INFO  UpdateAwardStockJob    - 当前无事务
25-09-17.16:31:27.927 [org.springframework.amqp.rabbit.RabbitListenerEndpointContainer#0-2] INFO  SimpleMessageListenerContainer - Waiting for workers to finish.
25-09-17.16:31:28.035 [org.springframework.amqp.rabbit.RabbitListenerEndpointContainer#0-2] INFO  SimpleMessageListenerContainer - Successfully waited for workers to finish.
25-09-17.16:31:28.039 [SpringApplicationShutdownHook] INFO  SimpleMessageListenerContainer - Shutdown ignored - container is already stopped
