25-09-16.22:35:03.240 [main            ] INFO  RaffleOrderTest        - Starting RaffleOrderTest using Java 1.8.0_462 on DESKTOP-8JHLMP8 with PID 20168 (started by XDUAI in D:\javacode\WebProj\big-market\big-market\big-market-app)
25-09-16.22:35:03.241 [main            ] INFO  RaffleOrderTest        - The following 1 profile is active: "dev"
25-09-16.22:35:03.804 [main            ] INFO  RaffleOrderTest        - Starting RaffleOrderTest using Java 1.8.0_462 on DESKTOP-8JHLMP8 with PID 20072 (started by XDUAI in D:\javacode\WebProj\big-market\big-market\big-market-app)
25-09-16.22:35:03.806 [main            ] INFO  RaffleOrderTest        - The following 1 profile is active: "dev"
25-09-16.22:35:04.611 [main            ] INFO  RepositoryConfigurationDelegate - Multiple Spring Data modules found, entering strict repository configuration mode
25-09-16.22:35:04.617 [main            ] INFO  RepositoryConfigurationDelegate - Bootstrapping Spring Data Redis repositories in DEFAULT mode.
25-09-16.22:35:04.666 [main            ] INFO  RepositoryConfigurationDelegate - Finished Spring Data repository scanning in 31 ms. Found 0 Redis repository interfaces.
25-09-16.22:35:05.456 [main            ] INFO  RepositoryConfigurationDelegate - Multiple Spring Data modules found, entering strict repository configuration mode
25-09-16.22:35:05.465 [main            ] INFO  RepositoryConfigurationDelegate - Bootstrapping Spring Data Redis repositories in DEFAULT mode.
25-09-16.22:35:05.515 [main            ] INFO  RepositoryConfigurationDelegate - Finished Spring Data repository scanning in 26 ms. Found 0 Redis repository interfaces.
25-09-16.22:35:06.073 [main            ] INFO  Version                - Redisson 3.23.4
25-09-16.22:35:06.505 [redisson-netty-2-4] INFO  MasterPubSubConnectionPool - 1 connections initialized for 127.0.0.1/127.0.0.1:6379
25-09-16.22:35:06.521 [redisson-netty-2-13] INFO  MasterConnectionPool   - 5 connections initialized for 127.0.0.1/127.0.0.1:6379
25-09-16.22:35:07.487 [main            ] INFO  Version                - Redisson 3.23.4
25-09-16.22:35:07.792 [main            ] WARN  GenericWebApplicationContext - Exception encountered during context initialization - cancelling refresh attempt: org.springframework.beans.factory.BeanCreationException: Error creating bean with name 'updateActivitySkuStockJob': Injection of resource dependencies failed; nested exception is org.springframework.beans.factory.UnsatisfiedDependencyException: Error creating bean with name 'raffleActivityService' defined in file [D:\javacode\WebProj\big-market\big-market\big-market-domain\target\classes\cn\bugstack\domain\activity\service\RaffleActivityService.class]: Unsatisfied dependency expressed through constructor parameter 1; nested exception is org.springframework.beans.factory.UnsatisfiedDependencyException: Error creating bean with name 'defaultActivityChainFactory' defined in file [D:\javacode\WebProj\big-market\big-market\big-market-domain\target\classes\cn\bugstack\domain\activity\service\rule\factory\DefaultActivityChainFactory.class]: Unsatisfied dependency expressed through constructor parameter 0; nested exception is org.springframework.beans.factory.BeanCreationException: Error creating bean with name 'activity_sku_stock_action': Injection of resource dependencies failed; nested exception is org.springframework.beans.factory.NoSuchBeanDefinitionException: No qualifying bean of type 'cn.bugstack.domain.activity.service.armory.IActivityArmory' available: expected at least 1 bean which qualifies as autowire candidate. Dependency annotations: {@javax.annotation.Resource(shareable=true, lookup=, name=, description=, authenticationType=CONTAINER, type=class java.lang.Object, mappedName=)}
25-09-16.22:35:07.828 [main            ] INFO  ConditionEvaluationReportLoggingListener - 

Error starting ApplicationContext. To display the conditions report re-run your application with 'debug' enabled.
25-09-16.22:35:07.852 [main            ] ERROR LoggingFailureAnalysisReporter - 

***************************
APPLICATION FAILED TO START
***************************

Description:

Parameter 0 of constructor in cn.bugstack.domain.activity.service.rule.factory.DefaultActivityChainFactory required a bean of type 'cn.bugstack.domain.activity.service.armory.IActivityArmory' that could not be found.


Action:

Consider defining a bean of type 'cn.bugstack.domain.activity.service.armory.IActivityArmory' in your configuration.

25-09-16.22:35:07.854 [main            ] ERROR TestContextManager     - Caught exception while allowing TestExecutionListener [org.springframework.test.context.web.ServletTestExecutionListener@8c3b9d] to prepare test instance [cn.bugstack.test.domain.activity.RaffleActivityQuotaOrderTest@547aaa32]
java.lang.IllegalStateException: Failed to load ApplicationContext
	at org.springframework.test.context.cache.DefaultCacheAwareContextLoaderDelegate.loadContext(DefaultCacheAwareContextLoaderDelegate.java:98)
	at org.springframework.test.context.support.DefaultTestContext.getApplicationContext(DefaultTestContext.java:124)
	at org.springframework.test.context.web.ServletTestExecutionListener.setUpRequestContextIfNecessary(ServletTestExecutionListener.java:190)
	at org.springframework.test.context.web.ServletTestExecutionListener.prepareTestInstance(ServletTestExecutionListener.java:132)
	at org.springframework.test.context.TestContextManager.prepareTestInstance(TestContextManager.java:248)
	at org.springframework.test.context.junit4.SpringJUnit4ClassRunner.createTest(SpringJUnit4ClassRunner.java:227)
	at org.springframework.test.context.junit4.SpringJUnit4ClassRunner$1.runReflectiveCall(SpringJUnit4ClassRunner.java:289)
	at org.junit.internal.runners.model.ReflectiveCallable.run(ReflectiveCallable.java:12)
	at org.springframework.test.context.junit4.SpringJUnit4ClassRunner.methodBlock(SpringJUnit4ClassRunner.java:291)
	at org.springframework.test.context.junit4.SpringJUnit4ClassRunner.runChild(SpringJUnit4ClassRunner.java:246)
	at org.springframework.test.context.junit4.SpringJUnit4ClassRunner.runChild(SpringJUnit4ClassRunner.java:97)
	at org.junit.runners.ParentRunner$4.run(ParentRunner.java:331)
	at org.junit.runners.ParentRunner$1.schedule(ParentRunner.java:79)
	at org.junit.runners.ParentRunner.runChildren(ParentRunner.java:329)
	at org.junit.runners.ParentRunner.access$100(ParentRunner.java:66)
	at org.junit.runners.ParentRunner$2.evaluate(ParentRunner.java:293)
	at org.springframework.test.context.junit4.statements.RunBeforeTestClassCallbacks.evaluate(RunBeforeTestClassCallbacks.java:61)
	at org.springframework.test.context.junit4.statements.RunAfterTestClassCallbacks.evaluate(RunAfterTestClassCallbacks.java:70)
	at org.junit.runners.ParentRunner$3.evaluate(ParentRunner.java:306)
	at org.junit.runners.ParentRunner.run(ParentRunner.java:413)
	at org.springframework.test.context.junit4.SpringJUnit4ClassRunner.run(SpringJUnit4ClassRunner.java:190)
	at org.junit.runner.JUnitCore.run(JUnitCore.java:137)
	at com.intellij.junit4.JUnit4IdeaTestRunner.startRunnerWithArgs(JUnit4IdeaTestRunner.java:69)
	at com.intellij.rt.junit.IdeaTestRunner$Repeater$1.execute(IdeaTestRunner.java:38)
	at com.intellij.rt.execution.junit.TestsRepeater.repeat(TestsRepeater.java:11)
	at com.intellij.rt.junit.IdeaTestRunner$Repeater.startRunnerWithArgs(IdeaTestRunner.java:35)
	at com.intellij.rt.junit.JUnitStarter.prepareStreamsAndStart(JUnitStarter.java:231)
	at com.intellij.rt.junit.JUnitStarter.main(JUnitStarter.java:55)
Caused by: org.springframework.beans.factory.BeanCreationException: Error creating bean with name 'updateActivitySkuStockJob': Injection of resource dependencies failed; nested exception is org.springframework.beans.factory.UnsatisfiedDependencyException: Error creating bean with name 'raffleActivityService' defined in file [D:\javacode\WebProj\big-market\big-market\big-market-domain\target\classes\cn\bugstack\domain\activity\service\RaffleActivityService.class]: Unsatisfied dependency expressed through constructor parameter 1; nested exception is org.springframework.beans.factory.UnsatisfiedDependencyException: Error creating bean with name 'defaultActivityChainFactory' defined in file [D:\javacode\WebProj\big-market\big-market\big-market-domain\target\classes\cn\bugstack\domain\activity\service\rule\factory\DefaultActivityChainFactory.class]: Unsatisfied dependency expressed through constructor parameter 0; nested exception is org.springframework.beans.factory.BeanCreationException: Error creating bean with name 'activity_sku_stock_action': Injection of resource dependencies failed; nested exception is org.springframework.beans.factory.NoSuchBeanDefinitionException: No qualifying bean of type 'cn.bugstack.domain.activity.service.armory.IActivityArmory' available: expected at least 1 bean which qualifies as autowire candidate. Dependency annotations: {@javax.annotation.Resource(shareable=true, lookup=, name=, description=, authenticationType=CONTAINER, type=class java.lang.Object, mappedName=)}
	at org.springframework.context.annotation.CommonAnnotationBeanPostProcessor.postProcessProperties(CommonAnnotationBeanPostProcessor.java:332)
	at org.springframework.beans.factory.support.AbstractAutowireCapableBeanFactory.populateBean(AbstractAutowireCapableBeanFactory.java:1431)
	at org.springframework.beans.factory.support.AbstractAutowireCapableBeanFactory.doCreateBean(AbstractAutowireCapableBeanFactory.java:619)
	at org.springframework.beans.factory.support.AbstractAutowireCapableBeanFactory.createBean(AbstractAutowireCapableBeanFactory.java:542)
	at org.springframework.beans.factory.support.AbstractBeanFactory.lambda$doGetBean$0(AbstractBeanFactory.java:335)
	at org.springframework.beans.factory.support.DefaultSingletonBeanRegistry.getSingleton(DefaultSingletonBeanRegistry.java:234)
	at org.springframework.beans.factory.support.AbstractBeanFactory.doGetBean(AbstractBeanFactory.java:333)
	at org.springframework.beans.factory.support.AbstractBeanFactory.getBean(AbstractBeanFactory.java:208)
	at org.springframework.beans.factory.support.DefaultListableBeanFactory.preInstantiateSingletons(DefaultListableBeanFactory.java:955)
	at org.springframework.context.support.AbstractApplicationContext.finishBeanFactoryInitialization(AbstractApplicationContext.java:920)
	at org.springframework.context.support.AbstractApplicationContext.refresh(AbstractApplicationContext.java:583)
	at org.springframework.boot.SpringApplication.refresh(SpringApplication.java:731)
	at org.springframework.boot.SpringApplication.refreshContext(SpringApplication.java:408)
	at org.springframework.boot.SpringApplication.run(SpringApplication.java:307)
	at org.springframework.boot.test.context.SpringBootContextLoader.loadContext(SpringBootContextLoader.java:136)
	at org.springframework.test.context.cache.DefaultCacheAwareContextLoaderDelegate.loadContextInternal(DefaultCacheAwareContextLoaderDelegate.java:141)
	at org.springframework.test.context.cache.DefaultCacheAwareContextLoaderDelegate.loadContext(DefaultCacheAwareContextLoaderDelegate.java:90)
	... 27 common frames omitted
Caused by: org.springframework.beans.factory.UnsatisfiedDependencyException: Error creating bean with name 'raffleActivityService' defined in file [D:\javacode\WebProj\big-market\big-market\big-market-domain\target\classes\cn\bugstack\domain\activity\service\RaffleActivityService.class]: Unsatisfied dependency expressed through constructor parameter 1; nested exception is org.springframework.beans.factory.UnsatisfiedDependencyException: Error creating bean with name 'defaultActivityChainFactory' defined in file [D:\javacode\WebProj\big-market\big-market\big-market-domain\target\classes\cn\bugstack\domain\activity\service\rule\factory\DefaultActivityChainFactory.class]: Unsatisfied dependency expressed through constructor parameter 0; nested exception is org.springframework.beans.factory.BeanCreationException: Error creating bean with name 'activity_sku_stock_action': Injection of resource dependencies failed; nested exception is org.springframework.beans.factory.NoSuchBeanDefinitionException: No qualifying bean of type 'cn.bugstack.domain.activity.service.armory.IActivityArmory' available: expected at least 1 bean which qualifies as autowire candidate. Dependency annotations: {@javax.annotation.Resource(shareable=true, lookup=, name=, description=, authenticationType=CONTAINER, type=class java.lang.Object, mappedName=)}
	at org.springframework.beans.factory.support.ConstructorResolver.createArgumentArray(ConstructorResolver.java:800)
	at org.springframework.beans.factory.support.ConstructorResolver.autowireConstructor(ConstructorResolver.java:229)
	at org.springframework.beans.factory.support.AbstractAutowireCapableBeanFactory.autowireConstructor(AbstractAutowireCapableBeanFactory.java:1372)
	at org.springframework.beans.factory.support.AbstractAutowireCapableBeanFactory.createBeanInstance(AbstractAutowireCapableBeanFactory.java:1222)
	at org.springframework.beans.factory.support.AbstractAutowireCapableBeanFactory.doCreateBean(AbstractAutowireCapableBeanFactory.java:582)
	at org.springframework.beans.factory.support.AbstractAutowireCapableBeanFactory.createBean(AbstractAutowireCapableBeanFactory.java:542)
	at org.springframework.beans.factory.support.AbstractBeanFactory.lambda$doGetBean$0(AbstractBeanFactory.java:335)
	at org.springframework.beans.factory.support.DefaultSingletonBeanRegistry.getSingleton(DefaultSingletonBeanRegistry.java:234)
	at org.springframework.beans.factory.support.AbstractBeanFactory.doGetBean(AbstractBeanFactory.java:333)
	at org.springframework.beans.factory.support.AbstractBeanFactory.getBean(AbstractBeanFactory.java:208)
	at org.springframework.beans.factory.config.DependencyDescriptor.resolveCandidate(DependencyDescriptor.java:276)
	at org.springframework.beans.factory.support.DefaultListableBeanFactory.doResolveDependency(DefaultListableBeanFactory.java:1391)
	at org.springframework.beans.factory.support.DefaultListableBeanFactory.resolveDependency(DefaultListableBeanFactory.java:1311)
	at org.springframework.context.annotation.CommonAnnotationBeanPostProcessor.autowireResource(CommonAnnotationBeanPostProcessor.java:544)
	at org.springframework.context.annotation.CommonAnnotationBeanPostProcessor.getResource(CommonAnnotationBeanPostProcessor.java:520)
	at org.springframework.context.annotation.CommonAnnotationBeanPostProcessor$ResourceElement.getResourceToInject(CommonAnnotationBeanPostProcessor.java:673)
	at org.springframework.beans.factory.annotation.InjectionMetadata$InjectedElement.inject(InjectionMetadata.java:228)
	at org.springframework.beans.factory.annotation.InjectionMetadata.inject(InjectionMetadata.java:119)
	at org.springframework.context.annotation.CommonAnnotationBeanPostProcessor.postProcessProperties(CommonAnnotationBeanPostProcessor.java:329)
	... 43 common frames omitted
Caused by: org.springframework.beans.factory.UnsatisfiedDependencyException: Error creating bean with name 'defaultActivityChainFactory' defined in file [D:\javacode\WebProj\big-market\big-market\big-market-domain\target\classes\cn\bugstack\domain\activity\service\rule\factory\DefaultActivityChainFactory.class]: Unsatisfied dependency expressed through constructor parameter 0; nested exception is org.springframework.beans.factory.BeanCreationException: Error creating bean with name 'activity_sku_stock_action': Injection of resource dependencies failed; nested exception is org.springframework.beans.factory.NoSuchBeanDefinitionException: No qualifying bean of type 'cn.bugstack.domain.activity.service.armory.IActivityArmory' available: expected at least 1 bean which qualifies as autowire candidate. Dependency annotations: {@javax.annotation.Resource(shareable=true, lookup=, name=, description=, authenticationType=CONTAINER, type=class java.lang.Object, mappedName=)}
	at org.springframework.beans.factory.support.ConstructorResolver.createArgumentArray(ConstructorResolver.java:800)
	at org.springframework.beans.factory.support.ConstructorResolver.autowireConstructor(ConstructorResolver.java:229)
	at org.springframework.beans.factory.support.AbstractAutowireCapableBeanFactory.autowireConstructor(AbstractAutowireCapableBeanFactory.java:1372)
	at org.springframework.beans.factory.support.AbstractAutowireCapableBeanFactory.createBeanInstance(AbstractAutowireCapableBeanFactory.java:1222)
	at org.springframework.beans.factory.support.AbstractAutowireCapableBeanFactory.doCreateBean(AbstractAutowireCapableBeanFactory.java:582)
	at org.springframework.beans.factory.support.AbstractAutowireCapableBeanFactory.createBean(AbstractAutowireCapableBeanFactory.java:542)
	at org.springframework.beans.factory.support.AbstractBeanFactory.lambda$doGetBean$0(AbstractBeanFactory.java:335)
	at org.springframework.beans.factory.support.DefaultSingletonBeanRegistry.getSingleton(DefaultSingletonBeanRegistry.java:234)
	at org.springframework.beans.factory.support.AbstractBeanFactory.doGetBean(AbstractBeanFactory.java:333)
	at org.springframework.beans.factory.support.AbstractBeanFactory.getBean(AbstractBeanFactory.java:208)
	at org.springframework.beans.factory.config.DependencyDescriptor.resolveCandidate(DependencyDescriptor.java:276)
	at org.springframework.beans.factory.support.DefaultListableBeanFactory.doResolveDependency(DefaultListableBeanFactory.java:1391)
	at org.springframework.beans.factory.support.DefaultListableBeanFactory.resolveDependency(DefaultListableBeanFactory.java:1311)
	at org.springframework.beans.factory.support.ConstructorResolver.resolveAutowiredArgument(ConstructorResolver.java:887)
	at org.springframework.beans.factory.support.ConstructorResolver.createArgumentArray(ConstructorResolver.java:791)
	... 61 common frames omitted
Caused by: org.springframework.beans.factory.BeanCreationException: Error creating bean with name 'activity_sku_stock_action': Injection of resource dependencies failed; nested exception is org.springframework.beans.factory.NoSuchBeanDefinitionException: No qualifying bean of type 'cn.bugstack.domain.activity.service.armory.IActivityArmory' available: expected at least 1 bean which qualifies as autowire candidate. Dependency annotations: {@javax.annotation.Resource(shareable=true, lookup=, name=, description=, authenticationType=CONTAINER, type=class java.lang.Object, mappedName=)}
	at org.springframework.context.annotation.CommonAnnotationBeanPostProcessor.postProcessProperties(CommonAnnotationBeanPostProcessor.java:332)
	at org.springframework.beans.factory.support.AbstractAutowireCapableBeanFactory.populateBean(AbstractAutowireCapableBeanFactory.java:1431)
	at org.springframework.beans.factory.support.AbstractAutowireCapableBeanFactory.doCreateBean(AbstractAutowireCapableBeanFactory.java:619)
	at org.springframework.beans.factory.support.AbstractAutowireCapableBeanFactory.createBean(AbstractAutowireCapableBeanFactory.java:542)
	at org.springframework.beans.factory.support.AbstractBeanFactory.lambda$doGetBean$0(AbstractBeanFactory.java:335)
	at org.springframework.beans.factory.support.DefaultSingletonBeanRegistry.getSingleton(DefaultSingletonBeanRegistry.java:234)
	at org.springframework.beans.factory.support.AbstractBeanFactory.doGetBean(AbstractBeanFactory.java:333)
	at org.springframework.beans.factory.support.AbstractBeanFactory.getBean(AbstractBeanFactory.java:208)
	at org.springframework.beans.factory.config.DependencyDescriptor.resolveCandidate(DependencyDescriptor.java:276)
	at org.springframework.beans.factory.support.DefaultListableBeanFactory.addCandidateEntry(DefaultListableBeanFactory.java:1609)
	at org.springframework.beans.factory.support.DefaultListableBeanFactory.findAutowireCandidates(DefaultListableBeanFactory.java:1573)
	at org.springframework.beans.factory.support.DefaultListableBeanFactory.resolveMultipleBeans(DefaultListableBeanFactory.java:1492)
	at org.springframework.beans.factory.support.DefaultListableBeanFactory.doResolveDependency(DefaultListableBeanFactory.java:1349)
	at org.springframework.beans.factory.support.DefaultListableBeanFactory.resolveDependency(DefaultListableBeanFactory.java:1311)
	at org.springframework.beans.factory.support.ConstructorResolver.resolveAutowiredArgument(ConstructorResolver.java:887)
	at org.springframework.beans.factory.support.ConstructorResolver.createArgumentArray(ConstructorResolver.java:791)
	... 75 common frames omitted
Caused by: org.springframework.beans.factory.NoSuchBeanDefinitionException: No qualifying bean of type 'cn.bugstack.domain.activity.service.armory.IActivityArmory' available: expected at least 1 bean which qualifies as autowire candidate. Dependency annotations: {@javax.annotation.Resource(shareable=true, lookup=, name=, description=, authenticationType=CONTAINER, type=class java.lang.Object, mappedName=)}
	at org.springframework.beans.factory.support.DefaultListableBeanFactory.raiseNoMatchingBeanFound(DefaultListableBeanFactory.java:1801)
	at org.springframework.beans.factory.support.DefaultListableBeanFactory.doResolveDependency(DefaultListableBeanFactory.java:1357)
	at org.springframework.beans.factory.support.DefaultListableBeanFactory.resolveDependency(DefaultListableBeanFactory.java:1311)
	at org.springframework.context.annotation.CommonAnnotationBeanPostProcessor.autowireResource(CommonAnnotationBeanPostProcessor.java:544)
	at org.springframework.context.annotation.CommonAnnotationBeanPostProcessor.getResource(CommonAnnotationBeanPostProcessor.java:520)
	at org.springframework.context.annotation.CommonAnnotationBeanPostProcessor$ResourceElement.getResourceToInject(CommonAnnotationBeanPostProcessor.java:673)
	at org.springframework.beans.factory.annotation.InjectionMetadata$InjectedElement.inject(InjectionMetadata.java:228)
	at org.springframework.beans.factory.annotation.InjectionMetadata.inject(InjectionMetadata.java:119)
	at org.springframework.context.annotation.CommonAnnotationBeanPostProcessor.postProcessProperties(CommonAnnotationBeanPostProcessor.java:329)
	... 90 common frames omitted
25-09-16.22:35:08.284 [redisson-netty-2-5] INFO  MasterPubSubConnectionPool - 1 connections initialized for 127.0.0.1/127.0.0.1:6379
25-09-16.22:35:08.299 [redisson-netty-2-13] INFO  MasterConnectionPool   - 5 connections initialized for 127.0.0.1/127.0.0.1:6379
25-09-16.22:36:57.745 [main            ] INFO  RaffleOrderTest        - Starting RaffleOrderTest using Java 1.8.0_462 on DESKTOP-8JHLMP8 with PID 20516 (started by XDUAI in D:\javacode\WebProj\big-market\big-market\big-market-app)
25-09-16.22:36:57.746 [main            ] INFO  RaffleOrderTest        - The following 1 profile is active: "dev"
25-09-16.22:36:58.619 [main            ] INFO  RepositoryConfigurationDelegate - Multiple Spring Data modules found, entering strict repository configuration mode
25-09-16.22:36:58.622 [main            ] INFO  RepositoryConfigurationDelegate - Bootstrapping Spring Data Redis repositories in DEFAULT mode.
25-09-16.22:36:58.655 [main            ] INFO  RepositoryConfigurationDelegate - Finished Spring Data repository scanning in 19 ms. Found 0 Redis repository interfaces.
25-09-16.22:36:59.617 [main            ] INFO  Version                - Redisson 3.23.4
25-09-16.22:37:00.009 [redisson-netty-2-4] INFO  MasterPubSubConnectionPool - 1 connections initialized for 127.0.0.1/127.0.0.1:6379
25-09-16.22:37:00.025 [redisson-netty-2-13] INFO  MasterConnectionPool   - 5 connections initialized for 127.0.0.1/127.0.0.1:6379
25-09-16.22:37:02.800 [main            ] INFO  EndpointLinksResolver  - Exposing 1 endpoint(s) beneath base path '/actuator'
25-09-16.22:37:02.895 [main            ] INFO  CachingConnectionFactory - Attempting to connect to: [127.0.0.1:5672]
25-09-16.22:37:03.000 [main            ] INFO  CachingConnectionFactory - Created new connection: rabbitConnectionFactory#4e50ae56:0/SimpleConnection@70805849 [delegate=amqp://admin@127.0.0.1:5672/, localPort= 63255]
25-09-16.22:37:03.187 [main            ] INFO  RaffleOrderTest        - Started RaffleOrderTest in 5.813 seconds (JVM running for 6.513)
25-09-16.22:37:03.391 [main            ] INFO  HikariDataSource       - Retail_HikariCP - Starting...
25-09-16.22:37:03.683 [main            ] INFO  HikariDataSource       - Retail_HikariCP - Start completed.
25-09-16.22:37:03.815 [main            ] INFO  RaffleOrderTest        - 装配活动：false
25-09-16.22:37:03.831 [main            ] INFO  ActivityBaseActionChain - 活动责任链-基础信息【有效期，状态】校验开始
25-09-16.22:37:03.833 [main            ] WARN  RaffleOrderTest        - 活动未开启（非open状态）
25-09-16.22:37:03.837 [main            ] INFO  ActivityBaseActionChain - 活动责任链-基础信息【有效期，状态】校验开始
25-09-16.22:37:03.837 [main            ] WARN  RaffleOrderTest        - 活动未开启（非open状态）
25-09-16.22:37:03.842 [main            ] INFO  ActivityBaseActionChain - 活动责任链-基础信息【有效期，状态】校验开始
25-09-16.22:37:03.843 [main            ] WARN  RaffleOrderTest        - 活动未开启（非open状态）
25-09-16.22:37:03.848 [main            ] INFO  ActivityBaseActionChain - 活动责任链-基础信息【有效期，状态】校验开始
25-09-16.22:37:03.848 [main            ] WARN  RaffleOrderTest        - 活动未开启（非open状态）
25-09-16.22:37:03.853 [main            ] INFO  ActivityBaseActionChain - 活动责任链-基础信息【有效期，状态】校验开始
25-09-16.22:37:03.853 [main            ] WARN  RaffleOrderTest        - 活动未开启（非open状态）
25-09-16.22:37:03.858 [main            ] INFO  ActivityBaseActionChain - 活动责任链-基础信息【有效期，状态】校验开始
25-09-16.22:37:03.858 [main            ] WARN  RaffleOrderTest        - 活动未开启（非open状态）
25-09-16.22:37:03.863 [main            ] INFO  ActivityBaseActionChain - 活动责任链-基础信息【有效期，状态】校验开始
25-09-16.22:37:03.863 [main            ] WARN  RaffleOrderTest        - 活动未开启（非open状态）
25-09-16.22:37:03.868 [main            ] INFO  ActivityBaseActionChain - 活动责任链-基础信息【有效期，状态】校验开始
25-09-16.22:37:03.868 [main            ] WARN  RaffleOrderTest        - 活动未开启（非open状态）
25-09-16.22:37:03.873 [main            ] INFO  ActivityBaseActionChain - 活动责任链-基础信息【有效期，状态】校验开始
25-09-16.22:37:03.873 [main            ] WARN  RaffleOrderTest        - 活动未开启（非open状态）
25-09-16.22:37:03.878 [main            ] INFO  ActivityBaseActionChain - 活动责任链-基础信息【有效期，状态】校验开始
25-09-16.22:37:03.878 [main            ] WARN  RaffleOrderTest        - 活动未开启（非open状态）
25-09-16.22:37:03.884 [main            ] INFO  ActivityBaseActionChain - 活动责任链-基础信息【有效期，状态】校验开始
25-09-16.22:37:03.884 [main            ] WARN  RaffleOrderTest        - 活动未开启（非open状态）
25-09-16.22:37:03.890 [main            ] INFO  ActivityBaseActionChain - 活动责任链-基础信息【有效期，状态】校验开始
25-09-16.22:37:03.890 [main            ] WARN  RaffleOrderTest        - 活动未开启（非open状态）
25-09-16.22:37:03.898 [main            ] INFO  ActivityBaseActionChain - 活动责任链-基础信息【有效期，状态】校验开始
25-09-16.22:37:03.898 [main            ] WARN  RaffleOrderTest        - 活动未开启（非open状态）
25-09-16.22:37:03.904 [main            ] INFO  ActivityBaseActionChain - 活动责任链-基础信息【有效期，状态】校验开始
25-09-16.22:37:03.904 [main            ] WARN  RaffleOrderTest        - 活动未开启（非open状态）
25-09-16.22:37:03.911 [main            ] INFO  ActivityBaseActionChain - 活动责任链-基础信息【有效期，状态】校验开始
25-09-16.22:37:03.911 [main            ] WARN  RaffleOrderTest        - 活动未开启（非open状态）
25-09-16.22:37:03.918 [main            ] INFO  ActivityBaseActionChain - 活动责任链-基础信息【有效期，状态】校验开始
25-09-16.22:37:03.919 [main            ] WARN  RaffleOrderTest        - 活动未开启（非open状态）
25-09-16.22:37:03.924 [main            ] INFO  ActivityBaseActionChain - 活动责任链-基础信息【有效期，状态】校验开始
25-09-16.22:37:03.925 [main            ] WARN  RaffleOrderTest        - 活动未开启（非open状态）
25-09-16.22:37:03.931 [main            ] INFO  ActivityBaseActionChain - 活动责任链-基础信息【有效期，状态】校验开始
25-09-16.22:37:03.931 [main            ] WARN  RaffleOrderTest        - 活动未开启（非open状态）
25-09-16.22:37:03.936 [main            ] INFO  ActivityBaseActionChain - 活动责任链-基础信息【有效期，状态】校验开始
25-09-16.22:37:03.936 [main            ] WARN  RaffleOrderTest        - 活动未开启（非open状态）
25-09-16.22:37:03.941 [main            ] INFO  ActivityBaseActionChain - 活动责任链-基础信息【有效期，状态】校验开始
25-09-16.22:37:03.941 [main            ] WARN  RaffleOrderTest        - 活动未开启（非open状态）
25-09-16.22:37:05.016 [scheduling-1    ] INFO  UpdateAwardStockJob    - 定时任务，更新奖品消耗库存【延迟队列获取，降低对数据库的更新频次，不要产生竞争】
25-09-16.22:37:05.034 [scheduling-1    ] INFO  UpdateAwardStockJob    - 当前无事务
25-09-16.22:37:05.035 [scheduling-1    ] INFO  UpdateActivitySkuStockJob - 定时任务，更新活动sku库存【延迟队列获取，降低对数据库的更新频次，不要产生竞争】
25-09-16.22:37:10.004 [scheduling-1    ] INFO  UpdateAwardStockJob    - 定时任务，更新奖品消耗库存【延迟队列获取，降低对数据库的更新频次，不要产生竞争】
25-09-16.22:37:10.005 [scheduling-1    ] INFO  UpdateAwardStockJob    - 当前无事务
25-09-16.22:37:10.005 [scheduling-1    ] INFO  UpdateActivitySkuStockJob - 定时任务，更新活动sku库存【延迟队列获取，降低对数据库的更新频次，不要产生竞争】
25-09-16.22:37:15.012 [scheduling-1    ] INFO  UpdateActivitySkuStockJob - 定时任务，更新活动sku库存【延迟队列获取，降低对数据库的更新频次，不要产生竞争】
25-09-16.22:37:15.015 [scheduling-1    ] INFO  UpdateAwardStockJob    - 定时任务，更新奖品消耗库存【延迟队列获取，降低对数据库的更新频次，不要产生竞争】
25-09-16.22:37:15.017 [scheduling-1    ] INFO  UpdateAwardStockJob    - 当前无事务
25-09-16.22:37:20.009 [scheduling-1    ] INFO  UpdateAwardStockJob    - 定时任务，更新奖品消耗库存【延迟队列获取，降低对数据库的更新频次，不要产生竞争】
25-09-16.22:37:20.011 [scheduling-1    ] INFO  UpdateAwardStockJob    - 当前无事务
25-09-16.22:37:20.013 [scheduling-1    ] INFO  UpdateActivitySkuStockJob - 定时任务，更新活动sku库存【延迟队列获取，降低对数据库的更新频次，不要产生竞争】
25-09-16.22:37:25.001 [scheduling-1    ] INFO  UpdateActivitySkuStockJob - 定时任务，更新活动sku库存【延迟队列获取，降低对数据库的更新频次，不要产生竞争】
25-09-16.22:37:25.004 [scheduling-1    ] INFO  UpdateAwardStockJob    - 定时任务，更新奖品消耗库存【延迟队列获取，降低对数据库的更新频次，不要产生竞争】
25-09-16.22:37:25.005 [scheduling-1    ] INFO  UpdateAwardStockJob    - 当前无事务
25-09-16.22:37:30.012 [scheduling-1    ] INFO  UpdateAwardStockJob    - 定时任务，更新奖品消耗库存【延迟队列获取，降低对数据库的更新频次，不要产生竞争】
25-09-16.22:37:30.014 [scheduling-1    ] INFO  UpdateAwardStockJob    - 当前无事务
25-09-16.22:37:30.015 [scheduling-1    ] INFO  UpdateActivitySkuStockJob - 定时任务，更新活动sku库存【延迟队列获取，降低对数据库的更新频次，不要产生竞争】
25-09-16.22:37:35.001 [scheduling-1    ] INFO  UpdateAwardStockJob    - 定时任务，更新奖品消耗库存【延迟队列获取，降低对数据库的更新频次，不要产生竞争】
25-09-16.22:37:35.003 [scheduling-1    ] INFO  UpdateAwardStockJob    - 当前无事务
25-09-16.22:37:35.004 [scheduling-1    ] INFO  UpdateActivitySkuStockJob - 定时任务，更新活动sku库存【延迟队列获取，降低对数据库的更新频次，不要产生竞争】
25-09-16.22:37:40.014 [scheduling-1    ] INFO  UpdateActivitySkuStockJob - 定时任务，更新活动sku库存【延迟队列获取，降低对数据库的更新频次，不要产生竞争】
25-09-16.22:37:40.019 [scheduling-1    ] INFO  UpdateAwardStockJob    - 定时任务，更新奖品消耗库存【延迟队列获取，降低对数据库的更新频次，不要产生竞争】
25-09-16.22:37:40.021 [scheduling-1    ] INFO  UpdateAwardStockJob    - 当前无事务
25-09-16.22:37:45.014 [scheduling-1    ] INFO  UpdateAwardStockJob    - 定时任务，更新奖品消耗库存【延迟队列获取，降低对数据库的更新频次，不要产生竞争】
25-09-16.22:37:45.017 [scheduling-1    ] INFO  UpdateAwardStockJob    - 当前无事务
25-09-16.22:37:45.017 [scheduling-1    ] INFO  UpdateActivitySkuStockJob - 定时任务，更新活动sku库存【延迟队列获取，降低对数据库的更新频次，不要产生竞争】
25-09-16.22:37:50.008 [scheduling-1    ] INFO  UpdateActivitySkuStockJob - 定时任务，更新活动sku库存【延迟队列获取，降低对数据库的更新频次，不要产生竞争】
25-09-16.22:37:50.010 [scheduling-1    ] INFO  UpdateAwardStockJob    - 定时任务，更新奖品消耗库存【延迟队列获取，降低对数据库的更新频次，不要产生竞争】
25-09-16.22:37:50.011 [scheduling-1    ] INFO  UpdateAwardStockJob    - 当前无事务
25-09-16.22:37:55.002 [scheduling-1    ] INFO  UpdateActivitySkuStockJob - 定时任务，更新活动sku库存【延迟队列获取，降低对数据库的更新频次，不要产生竞争】
25-09-16.22:37:55.005 [scheduling-1    ] INFO  UpdateAwardStockJob    - 定时任务，更新奖品消耗库存【延迟队列获取，降低对数据库的更新频次，不要产生竞争】
25-09-16.22:37:55.006 [scheduling-1    ] INFO  UpdateAwardStockJob    - 当前无事务
25-09-16.22:38:00.013 [scheduling-1    ] INFO  UpdateActivitySkuStockJob - 定时任务，更新活动sku库存【延迟队列获取，降低对数据库的更新频次，不要产生竞争】
25-09-16.22:38:00.015 [scheduling-1    ] INFO  UpdateAwardStockJob    - 定时任务，更新奖品消耗库存【延迟队列获取，降低对数据库的更新频次，不要产生竞争】
25-09-16.22:38:00.017 [scheduling-1    ] INFO  UpdateAwardStockJob    - 当前无事务
25-09-16.22:38:05.014 [scheduling-1    ] INFO  UpdateActivitySkuStockJob - 定时任务，更新活动sku库存【延迟队列获取，降低对数据库的更新频次，不要产生竞争】
25-09-16.22:38:05.016 [scheduling-1    ] INFO  UpdateAwardStockJob    - 定时任务，更新奖品消耗库存【延迟队列获取，降低对数据库的更新频次，不要产生竞争】
25-09-16.22:38:05.017 [scheduling-1    ] INFO  UpdateAwardStockJob    - 当前无事务
25-09-16.22:38:10.004 [scheduling-1    ] INFO  UpdateAwardStockJob    - 定时任务，更新奖品消耗库存【延迟队列获取，降低对数据库的更新频次，不要产生竞争】
25-09-16.22:38:10.006 [scheduling-1    ] INFO  UpdateAwardStockJob    - 当前无事务
25-09-16.22:38:10.007 [scheduling-1    ] INFO  UpdateActivitySkuStockJob - 定时任务，更新活动sku库存【延迟队列获取，降低对数据库的更新频次，不要产生竞争】
25-09-16.22:38:15.007 [scheduling-1    ] INFO  UpdateActivitySkuStockJob - 定时任务，更新活动sku库存【延迟队列获取，降低对数据库的更新频次，不要产生竞争】
25-09-16.22:38:15.009 [scheduling-1    ] INFO  UpdateAwardStockJob    - 定时任务，更新奖品消耗库存【延迟队列获取，降低对数据库的更新频次，不要产生竞争】
25-09-16.22:38:15.010 [scheduling-1    ] INFO  UpdateAwardStockJob    - 当前无事务
25-09-16.22:38:20.000 [scheduling-1    ] INFO  UpdateActivitySkuStockJob - 定时任务，更新活动sku库存【延迟队列获取，降低对数据库的更新频次，不要产生竞争】
25-09-16.22:38:20.002 [scheduling-1    ] INFO  UpdateAwardStockJob    - 定时任务，更新奖品消耗库存【延迟队列获取，降低对数据库的更新频次，不要产生竞争】
25-09-16.22:38:20.003 [scheduling-1    ] INFO  UpdateAwardStockJob    - 当前无事务
25-09-16.22:38:25.010 [scheduling-1    ] INFO  UpdateActivitySkuStockJob - 定时任务，更新活动sku库存【延迟队列获取，降低对数据库的更新频次，不要产生竞争】
25-09-16.22:38:25.011 [scheduling-1    ] INFO  UpdateAwardStockJob    - 定时任务，更新奖品消耗库存【延迟队列获取，降低对数据库的更新频次，不要产生竞争】
25-09-16.22:38:25.012 [scheduling-1    ] INFO  UpdateAwardStockJob    - 当前无事务
25-09-16.22:38:30.012 [scheduling-1    ] INFO  UpdateActivitySkuStockJob - 定时任务，更新活动sku库存【延迟队列获取，降低对数据库的更新频次，不要产生竞争】
25-09-16.22:38:30.015 [scheduling-1    ] INFO  UpdateAwardStockJob    - 定时任务，更新奖品消耗库存【延迟队列获取，降低对数据库的更新频次，不要产生竞争】
25-09-16.22:38:30.016 [scheduling-1    ] INFO  UpdateAwardStockJob    - 当前无事务
25-09-16.22:38:35.007 [scheduling-1    ] INFO  UpdateAwardStockJob    - 定时任务，更新奖品消耗库存【延迟队列获取，降低对数据库的更新频次，不要产生竞争】
25-09-16.22:38:35.008 [scheduling-1    ] INFO  UpdateAwardStockJob    - 当前无事务
25-09-16.22:38:35.008 [scheduling-1    ] INFO  UpdateActivitySkuStockJob - 定时任务，更新活动sku库存【延迟队列获取，降低对数据库的更新频次，不要产生竞争】
25-09-16.22:38:39.760 [org.springframework.amqp.rabbit.RabbitListenerEndpointContainer#0-2] INFO  SimpleMessageListenerContainer - Waiting for workers to finish.
25-09-16.22:38:40.010 [scheduling-1    ] INFO  UpdateActivitySkuStockJob - 定时任务，更新活动sku库存【延迟队列获取，降低对数据库的更新频次，不要产生竞争】
25-09-16.22:38:40.012 [scheduling-1    ] INFO  UpdateAwardStockJob    - 定时任务，更新奖品消耗库存【延迟队列获取，降低对数据库的更新频次，不要产生竞争】
25-09-16.22:38:40.013 [scheduling-1    ] INFO  UpdateAwardStockJob    - 当前无事务
25-09-16.22:38:40.740 [org.springframework.amqp.rabbit.RabbitListenerEndpointContainer#0-2] INFO  SimpleMessageListenerContainer - Successfully waited for workers to finish.
25-09-16.22:38:40.742 [SpringApplicationShutdownHook] INFO  SimpleMessageListenerContainer - Shutdown ignored - container is already stopped
25-09-16.22:45:39.091 [main            ] WARN  GenericWebApplicationContext - Exception encountered during context initialization - cancelling refresh attempt: org.springframework.beans.factory.BeanCreationException: Error creating bean with name 'updateActivitySkuStockJob': Injection of resource dependencies failed; nested exception is org.springframework.beans.factory.UnsatisfiedDependencyException: Error creating bean with name 'raffleActivityService' defined in file [D:\javacode\WebProj\big-market\big-market\big-market-domain\target\classes\cn\bugstack\domain\activity\service\RaffleActivityService.class]: Unsatisfied dependency expressed through constructor parameter 1; nested exception is org.springframework.beans.factory.UnsatisfiedDependencyException: Error creating bean with name 'defaultActivityChainFactory' defined in file [D:\javacode\WebProj\big-market\big-market\big-market-domain\target\classes\cn\bugstack\domain\activity\service\rule\factory\DefaultActivityChainFactory.class]: Unsatisfied dependency expressed through constructor parameter 0; nested exception is org.springframework.beans.factory.BeanCreationException: Error creating bean with name 'activity_sku_stock_action': Injection of resource dependencies failed; nested exception is org.springframework.beans.factory.NoSuchBeanDefinitionException: No qualifying bean of type 'cn.bugstack.domain.activity.service.armory.IActivityArmory' available: expected at least 1 bean which qualifies as autowire candidate. Dependency annotations: {@javax.annotation.Resource(shareable=true, lookup=, name=, description=, authenticationType=CONTAINER, type=class java.lang.Object, mappedName=)}
25-09-16.22:45:58.270 [main            ] INFO  RaffleOrderTest        - Starting RaffleOrderTest using Java 1.8.0_462 on DESKTOP-8JHLMP8 with PID 26448 (started by XDUAI in D:\javacode\WebProj\big-market\big-market\big-market-app)
25-09-16.22:45:58.272 [main            ] INFO  RaffleOrderTest        - The following 1 profile is active: "dev"
25-09-16.22:45:59.188 [main            ] INFO  RepositoryConfigurationDelegate - Multiple Spring Data modules found, entering strict repository configuration mode
25-09-16.22:45:59.192 [main            ] INFO  RepositoryConfigurationDelegate - Bootstrapping Spring Data Redis repositories in DEFAULT mode.
25-09-16.22:45:59.230 [main            ] INFO  RepositoryConfigurationDelegate - Finished Spring Data repository scanning in 24 ms. Found 0 Redis repository interfaces.
25-09-16.22:46:00.221 [main            ] INFO  Version                - Redisson 3.23.4
25-09-16.22:46:00.577 [redisson-netty-2-5] INFO  MasterPubSubConnectionPool - 1 connections initialized for 127.0.0.1/127.0.0.1:6379
25-09-16.22:46:00.589 [redisson-netty-2-13] INFO  MasterConnectionPool   - 5 connections initialized for 127.0.0.1/127.0.0.1:6379
25-09-16.22:46:03.117 [main            ] INFO  EndpointLinksResolver  - Exposing 1 endpoint(s) beneath base path '/actuator'
25-09-16.22:46:03.191 [main            ] INFO  CachingConnectionFactory - Attempting to connect to: [127.0.0.1:5672]
25-09-16.22:46:03.286 [main            ] INFO  CachingConnectionFactory - Created new connection: rabbitConnectionFactory#7f5ce33e:0/SimpleConnection@57bd9c2b [delegate=amqp://admin@127.0.0.1:5672/, localPort= 64065]
25-09-16.22:46:03.357 [main            ] INFO  RaffleOrderTest        - Started RaffleOrderTest in 5.507 seconds (JVM running for 6.302)
25-09-16.22:46:03.575 [main            ] INFO  HikariDataSource       - Retail_HikariCP - Starting...
25-09-16.22:46:03.788 [main            ] INFO  HikariDataSource       - Retail_HikariCP - Start completed.
25-09-16.22:46:03.876 [main            ] INFO  RaffleOrderTest        - 装配活动：false
25-09-16.22:46:03.890 [main            ] INFO  ActivityBaseActionChain - 活动责任链-基础信息【有效期，状态】校验开始
25-09-16.22:46:03.891 [main            ] WARN  RaffleOrderTest        - 活动未开启（非open状态）
25-09-16.22:46:03.897 [main            ] INFO  ActivityBaseActionChain - 活动责任链-基础信息【有效期，状态】校验开始
25-09-16.22:46:03.897 [main            ] WARN  RaffleOrderTest        - 活动未开启（非open状态）
25-09-16.22:46:03.901 [main            ] INFO  ActivityBaseActionChain - 活动责任链-基础信息【有效期，状态】校验开始
25-09-16.22:46:03.901 [main            ] WARN  RaffleOrderTest        - 活动未开启（非open状态）
25-09-16.22:46:03.906 [main            ] INFO  ActivityBaseActionChain - 活动责任链-基础信息【有效期，状态】校验开始
25-09-16.22:46:03.906 [main            ] WARN  RaffleOrderTest        - 活动未开启（非open状态）
25-09-16.22:46:03.911 [main            ] INFO  ActivityBaseActionChain - 活动责任链-基础信息【有效期，状态】校验开始
25-09-16.22:46:03.911 [main            ] WARN  RaffleOrderTest        - 活动未开启（非open状态）
25-09-16.22:46:03.916 [main            ] INFO  ActivityBaseActionChain - 活动责任链-基础信息【有效期，状态】校验开始
25-09-16.22:46:03.916 [main            ] WARN  RaffleOrderTest        - 活动未开启（非open状态）
25-09-16.22:46:03.922 [main            ] INFO  ActivityBaseActionChain - 活动责任链-基础信息【有效期，状态】校验开始
25-09-16.22:46:03.922 [main            ] WARN  RaffleOrderTest        - 活动未开启（非open状态）
25-09-16.22:46:03.928 [main            ] INFO  ActivityBaseActionChain - 活动责任链-基础信息【有效期，状态】校验开始
25-09-16.22:46:03.928 [main            ] WARN  RaffleOrderTest        - 活动未开启（非open状态）
25-09-16.22:46:03.933 [main            ] INFO  ActivityBaseActionChain - 活动责任链-基础信息【有效期，状态】校验开始
25-09-16.22:46:03.934 [main            ] WARN  RaffleOrderTest        - 活动未开启（非open状态）
25-09-16.22:46:03.940 [main            ] INFO  ActivityBaseActionChain - 活动责任链-基础信息【有效期，状态】校验开始
25-09-16.22:46:03.940 [main            ] WARN  RaffleOrderTest        - 活动未开启（非open状态）
25-09-16.22:46:03.946 [main            ] INFO  ActivityBaseActionChain - 活动责任链-基础信息【有效期，状态】校验开始
25-09-16.22:46:03.947 [main            ] WARN  RaffleOrderTest        - 活动未开启（非open状态）
25-09-16.22:46:03.952 [main            ] INFO  ActivityBaseActionChain - 活动责任链-基础信息【有效期，状态】校验开始
25-09-16.22:46:03.952 [main            ] WARN  RaffleOrderTest        - 活动未开启（非open状态）
25-09-16.22:46:03.960 [main            ] INFO  ActivityBaseActionChain - 活动责任链-基础信息【有效期，状态】校验开始
25-09-16.22:46:03.960 [main            ] WARN  RaffleOrderTest        - 活动未开启（非open状态）
25-09-16.22:46:03.966 [main            ] INFO  ActivityBaseActionChain - 活动责任链-基础信息【有效期，状态】校验开始
25-09-16.22:46:03.967 [main            ] WARN  RaffleOrderTest        - 活动未开启（非open状态）
25-09-16.22:46:03.974 [main            ] INFO  ActivityBaseActionChain - 活动责任链-基础信息【有效期，状态】校验开始
25-09-16.22:46:03.974 [main            ] WARN  RaffleOrderTest        - 活动未开启（非open状态）
25-09-16.22:46:03.980 [main            ] INFO  ActivityBaseActionChain - 活动责任链-基础信息【有效期，状态】校验开始
25-09-16.22:46:03.981 [main            ] WARN  RaffleOrderTest        - 活动未开启（非open状态）
25-09-16.22:46:03.986 [main            ] INFO  ActivityBaseActionChain - 活动责任链-基础信息【有效期，状态】校验开始
25-09-16.22:46:03.986 [main            ] WARN  RaffleOrderTest        - 活动未开启（非open状态）
25-09-16.22:46:03.991 [main            ] INFO  ActivityBaseActionChain - 活动责任链-基础信息【有效期，状态】校验开始
25-09-16.22:46:03.991 [main            ] WARN  RaffleOrderTest        - 活动未开启（非open状态）
25-09-16.22:46:03.997 [main            ] INFO  ActivityBaseActionChain - 活动责任链-基础信息【有效期，状态】校验开始
25-09-16.22:46:03.997 [main            ] WARN  RaffleOrderTest        - 活动未开启（非open状态）
25-09-16.22:46:04.001 [main            ] INFO  ActivityBaseActionChain - 活动责任链-基础信息【有效期，状态】校验开始
25-09-16.22:46:04.002 [main            ] WARN  RaffleOrderTest        - 活动未开启（非open状态）
25-09-16.22:46:05.010 [scheduling-1    ] INFO  UpdateActivitySkuStockJob - 定时任务，更新活动sku库存【延迟队列获取，降低对数据库的更新频次，不要产生竞争】
25-09-16.22:46:05.016 [scheduling-1    ] INFO  UpdateAwardStockJob    - 定时任务，更新奖品消耗库存【延迟队列获取，降低对数据库的更新频次，不要产生竞争】
25-09-16.22:46:05.017 [scheduling-1    ] INFO  UpdateAwardStockJob    - 当前无事务
25-09-16.22:46:10.000 [scheduling-1    ] INFO  UpdateActivitySkuStockJob - 定时任务，更新活动sku库存【延迟队列获取，降低对数据库的更新频次，不要产生竞争】
25-09-16.22:46:10.002 [scheduling-1    ] INFO  UpdateAwardStockJob    - 定时任务，更新奖品消耗库存【延迟队列获取，降低对数据库的更新频次，不要产生竞争】
25-09-16.22:46:10.004 [scheduling-1    ] INFO  UpdateAwardStockJob    - 当前无事务
25-09-16.22:46:12.263 [org.springframework.amqp.rabbit.RabbitListenerEndpointContainer#0-2] INFO  SimpleMessageListenerContainer - Waiting for workers to finish.
25-09-16.22:46:12.401 [org.springframework.amqp.rabbit.RabbitListenerEndpointContainer#0-2] INFO  SimpleMessageListenerContainer - Successfully waited for workers to finish.
25-09-16.22:46:12.405 [SpringApplicationShutdownHook] INFO  SimpleMessageListenerContainer - Shutdown ignored - container is already stopped
25-09-16.22:54:50.575 [main            ] INFO  RaffleOrderTest        - Starting RaffleOrderTest using Java 1.8.0_462 on DESKTOP-8JHLMP8 with PID 8340 (started by XDUAI in D:\javacode\WebProj\big-market\big-market\big-market-app)
25-09-16.22:54:50.576 [main            ] INFO  RaffleOrderTest        - The following 1 profile is active: "dev"
25-09-16.22:54:51.572 [main            ] INFO  RepositoryConfigurationDelegate - Multiple Spring Data modules found, entering strict repository configuration mode
25-09-16.22:54:51.576 [main            ] INFO  RepositoryConfigurationDelegate - Bootstrapping Spring Data Redis repositories in DEFAULT mode.
25-09-16.22:54:51.612 [main            ] INFO  RepositoryConfigurationDelegate - Finished Spring Data repository scanning in 21 ms. Found 0 Redis repository interfaces.
25-09-16.22:54:52.682 [main            ] INFO  Version                - Redisson 3.23.4
25-09-16.22:54:53.052 [redisson-netty-2-4] INFO  MasterPubSubConnectionPool - 1 connections initialized for 127.0.0.1/127.0.0.1:6379
25-09-16.22:54:53.067 [redisson-netty-2-13] INFO  MasterConnectionPool   - 5 connections initialized for 127.0.0.1/127.0.0.1:6379
25-09-16.22:54:55.739 [main            ] INFO  EndpointLinksResolver  - Exposing 1 endpoint(s) beneath base path '/actuator'
25-09-16.22:54:55.822 [main            ] INFO  CachingConnectionFactory - Attempting to connect to: [127.0.0.1:5672]
25-09-16.22:54:55.897 [main            ] INFO  CachingConnectionFactory - Created new connection: rabbitConnectionFactory#7f5ce33e:0/SimpleConnection@57bd9c2b [delegate=amqp://admin@127.0.0.1:5672/, localPort= 64995]
25-09-16.22:54:55.970 [main            ] INFO  RaffleOrderTest        - Started RaffleOrderTest in 5.826 seconds (JVM running for 6.716)
25-09-16.22:54:56.182 [main            ] INFO  HikariDataSource       - Retail_HikariCP - Starting...
25-09-16.22:54:56.413 [main            ] INFO  HikariDataSource       - Retail_HikariCP - Start completed.
25-09-16.22:54:56.521 [main            ] INFO  RaffleOrderTest        - 装配活动：false
25-09-16.22:54:56.538 [main            ] INFO  ActivityBaseActionChain - 活动责任链-基础信息【有效期，状态】校验开始
25-09-16.22:54:56.539 [main            ] WARN  RaffleOrderTest        - 活动未开启（非open状态）
25-09-16.22:54:56.544 [main            ] INFO  ActivityBaseActionChain - 活动责任链-基础信息【有效期，状态】校验开始
25-09-16.22:54:56.544 [main            ] WARN  RaffleOrderTest        - 活动未开启（非open状态）
25-09-16.22:54:56.549 [main            ] INFO  ActivityBaseActionChain - 活动责任链-基础信息【有效期，状态】校验开始
25-09-16.22:54:56.550 [main            ] WARN  RaffleOrderTest        - 活动未开启（非open状态）
25-09-16.22:54:56.555 [main            ] INFO  ActivityBaseActionChain - 活动责任链-基础信息【有效期，状态】校验开始
25-09-16.22:54:56.555 [main            ] WARN  RaffleOrderTest        - 活动未开启（非open状态）
25-09-16.22:54:56.561 [main            ] INFO  ActivityBaseActionChain - 活动责任链-基础信息【有效期，状态】校验开始
25-09-16.22:54:56.561 [main            ] WARN  RaffleOrderTest        - 活动未开启（非open状态）
25-09-16.22:54:56.566 [main            ] INFO  ActivityBaseActionChain - 活动责任链-基础信息【有效期，状态】校验开始
25-09-16.22:54:56.566 [main            ] WARN  RaffleOrderTest        - 活动未开启（非open状态）
25-09-16.22:54:56.572 [main            ] INFO  ActivityBaseActionChain - 活动责任链-基础信息【有效期，状态】校验开始
25-09-16.22:54:56.572 [main            ] WARN  RaffleOrderTest        - 活动未开启（非open状态）
25-09-16.22:54:56.577 [main            ] INFO  ActivityBaseActionChain - 活动责任链-基础信息【有效期，状态】校验开始
25-09-16.22:54:56.578 [main            ] WARN  RaffleOrderTest        - 活动未开启（非open状态）
25-09-16.22:54:56.581 [main            ] INFO  ActivityBaseActionChain - 活动责任链-基础信息【有效期，状态】校验开始
25-09-16.22:54:56.582 [main            ] WARN  RaffleOrderTest        - 活动未开启（非open状态）
25-09-16.22:54:56.586 [main            ] INFO  ActivityBaseActionChain - 活动责任链-基础信息【有效期，状态】校验开始
25-09-16.22:54:56.586 [main            ] WARN  RaffleOrderTest        - 活动未开启（非open状态）
25-09-16.22:54:56.591 [main            ] INFO  ActivityBaseActionChain - 活动责任链-基础信息【有效期，状态】校验开始
25-09-16.22:54:56.591 [main            ] WARN  RaffleOrderTest        - 活动未开启（非open状态）
25-09-16.22:54:56.595 [main            ] INFO  ActivityBaseActionChain - 活动责任链-基础信息【有效期，状态】校验开始
25-09-16.22:54:56.596 [main            ] WARN  RaffleOrderTest        - 活动未开启（非open状态）
25-09-16.22:54:56.600 [main            ] INFO  ActivityBaseActionChain - 活动责任链-基础信息【有效期，状态】校验开始
25-09-16.22:54:56.600 [main            ] WARN  RaffleOrderTest        - 活动未开启（非open状态）
25-09-16.22:54:56.605 [main            ] INFO  ActivityBaseActionChain - 活动责任链-基础信息【有效期，状态】校验开始
25-09-16.22:54:56.605 [main            ] WARN  RaffleOrderTest        - 活动未开启（非open状态）
25-09-16.22:54:56.610 [main            ] INFO  ActivityBaseActionChain - 活动责任链-基础信息【有效期，状态】校验开始
25-09-16.22:54:56.610 [main            ] WARN  RaffleOrderTest        - 活动未开启（非open状态）
25-09-16.22:54:56.615 [main            ] INFO  ActivityBaseActionChain - 活动责任链-基础信息【有效期，状态】校验开始
25-09-16.22:54:56.615 [main            ] WARN  RaffleOrderTest        - 活动未开启（非open状态）
25-09-16.22:54:56.621 [main            ] INFO  ActivityBaseActionChain - 活动责任链-基础信息【有效期，状态】校验开始
25-09-16.22:54:56.621 [main            ] WARN  RaffleOrderTest        - 活动未开启（非open状态）
25-09-16.22:54:56.627 [main            ] INFO  ActivityBaseActionChain - 活动责任链-基础信息【有效期，状态】校验开始
25-09-16.22:54:56.627 [main            ] WARN  RaffleOrderTest        - 活动未开启（非open状态）
25-09-16.22:54:56.633 [main            ] INFO  ActivityBaseActionChain - 活动责任链-基础信息【有效期，状态】校验开始
25-09-16.22:54:56.633 [main            ] WARN  RaffleOrderTest        - 活动未开启（非open状态）
25-09-16.22:54:56.640 [main            ] INFO  ActivityBaseActionChain - 活动责任链-基础信息【有效期，状态】校验开始
25-09-16.22:54:56.641 [main            ] WARN  RaffleOrderTest        - 活动未开启（非open状态）
25-09-16.22:55:00.007 [scheduling-1    ] INFO  UpdateActivitySkuStockJob - 定时任务，更新活动sku库存【延迟队列获取，降低对数据库的更新频次，不要产生竞争】
25-09-16.22:55:00.013 [scheduling-1    ] INFO  UpdateAwardStockJob    - 定时任务，更新奖品消耗库存【延迟队列获取，降低对数据库的更新频次，不要产生竞争】
25-09-16.22:55:00.015 [scheduling-1    ] INFO  UpdateAwardStockJob    - 当前无事务
25-09-16.22:55:05.011 [scheduling-1    ] INFO  UpdateActivitySkuStockJob - 定时任务，更新活动sku库存【延迟队列获取，降低对数据库的更新频次，不要产生竞争】
25-09-16.22:55:05.014 [scheduling-1    ] INFO  UpdateAwardStockJob    - 定时任务，更新奖品消耗库存【延迟队列获取，降低对数据库的更新频次，不要产生竞争】
25-09-16.22:55:05.016 [scheduling-1    ] INFO  UpdateAwardStockJob    - 当前无事务
25-09-16.22:55:10.012 [scheduling-1    ] INFO  UpdateAwardStockJob    - 定时任务，更新奖品消耗库存【延迟队列获取，降低对数据库的更新频次，不要产生竞争】
25-09-16.22:55:10.014 [scheduling-1    ] INFO  UpdateAwardStockJob    - 当前无事务
25-09-16.22:55:10.015 [scheduling-1    ] INFO  UpdateActivitySkuStockJob - 定时任务，更新活动sku库存【延迟队列获取，降低对数据库的更新频次，不要产生竞争】
25-09-16.22:55:15.003 [scheduling-1    ] INFO  UpdateActivitySkuStockJob - 定时任务，更新活动sku库存【延迟队列获取，降低对数据库的更新频次，不要产生竞争】
25-09-16.22:55:15.004 [scheduling-1    ] INFO  UpdateAwardStockJob    - 定时任务，更新奖品消耗库存【延迟队列获取，降低对数据库的更新频次，不要产生竞争】
25-09-16.22:55:15.007 [scheduling-1    ] INFO  UpdateAwardStockJob    - 当前无事务
25-09-16.22:55:16.033 [org.springframework.amqp.rabbit.RabbitListenerEndpointContainer#0-2] INFO  SimpleMessageListenerContainer - Waiting for workers to finish.
25-09-16.22:55:16.058 [org.springframework.amqp.rabbit.RabbitListenerEndpointContainer#0-2] INFO  SimpleMessageListenerContainer - Successfully waited for workers to finish.
25-09-16.22:55:16.061 [SpringApplicationShutdownHook] INFO  SimpleMessageListenerContainer - Shutdown ignored - container is already stopped
25-09-16.22:59:59.702 [main            ] INFO  RaffleOrderTest        - Starting RaffleOrderTest using Java 1.8.0_462 on DESKTOP-8JHLMP8 with PID 17136 (started by XDUAI in D:\javacode\WebProj\big-market\big-market\big-market-app)
25-09-16.22:59:59.703 [main            ] INFO  RaffleOrderTest        - The following 1 profile is active: "dev"
25-09-16.23:00:00.728 [main            ] INFO  RepositoryConfigurationDelegate - Multiple Spring Data modules found, entering strict repository configuration mode
25-09-16.23:00:00.731 [main            ] INFO  RepositoryConfigurationDelegate - Bootstrapping Spring Data Redis repositories in DEFAULT mode.
25-09-16.23:00:00.766 [main            ] INFO  RepositoryConfigurationDelegate - Finished Spring Data repository scanning in 20 ms. Found 0 Redis repository interfaces.
25-09-16.23:00:01.765 [main            ] INFO  Version                - Redisson 3.23.4
25-09-16.23:00:02.116 [redisson-netty-2-4] INFO  MasterPubSubConnectionPool - 1 connections initialized for 127.0.0.1/127.0.0.1:6379
25-09-16.23:00:02.129 [redisson-netty-2-13] INFO  MasterConnectionPool   - 5 connections initialized for 127.0.0.1/127.0.0.1:6379
25-09-16.23:00:04.563 [main            ] INFO  EndpointLinksResolver  - Exposing 1 endpoint(s) beneath base path '/actuator'
25-09-16.23:00:04.641 [main            ] INFO  CachingConnectionFactory - Attempting to connect to: [127.0.0.1:5672]
25-09-16.23:00:04.704 [main            ] INFO  CachingConnectionFactory - Created new connection: rabbitConnectionFactory#7e2c6702:0/SimpleConnection@7747cc1b [delegate=amqp://admin@127.0.0.1:5672/, localPort= 49410]
25-09-16.23:00:04.773 [main            ] INFO  RaffleOrderTest        - Started RaffleOrderTest in 5.497 seconds (JVM running for 6.351)
25-09-16.23:00:04.976 [main            ] INFO  HikariDataSource       - Retail_HikariCP - Starting...
25-09-16.23:00:05.007 [scheduling-1    ] INFO  UpdateAwardStockJob    - 定时任务，更新奖品消耗库存【延迟队列获取，降低对数据库的更新频次，不要产生竞争】
25-09-16.23:00:05.018 [scheduling-1    ] INFO  UpdateAwardStockJob    - 当前无事务
25-09-16.23:00:05.019 [scheduling-1    ] INFO  UpdateActivitySkuStockJob - 定时任务，更新活动sku库存【延迟队列获取，降低对数据库的更新频次，不要产生竞争】
25-09-16.23:00:05.204 [main            ] INFO  HikariDataSource       - Retail_HikariCP - Start completed.
25-09-16.23:00:05.292 [main            ] INFO  RaffleOrderTest        - 装配活动：false
25-09-16.23:00:05.308 [main            ] INFO  ActivityBaseActionChain - 活动责任链-基础信息【有效期，状态】校验开始
25-09-16.23:00:05.309 [main            ] WARN  RaffleOrderTest        - 活动未开启（非open状态）
25-09-16.23:00:05.315 [main            ] INFO  ActivityBaseActionChain - 活动责任链-基础信息【有效期，状态】校验开始
25-09-16.23:00:05.316 [main            ] WARN  RaffleOrderTest        - 活动未开启（非open状态）
25-09-16.23:00:05.321 [main            ] INFO  ActivityBaseActionChain - 活动责任链-基础信息【有效期，状态】校验开始
25-09-16.23:00:05.321 [main            ] WARN  RaffleOrderTest        - 活动未开启（非open状态）
25-09-16.23:00:05.327 [main            ] INFO  ActivityBaseActionChain - 活动责任链-基础信息【有效期，状态】校验开始
25-09-16.23:00:05.327 [main            ] WARN  RaffleOrderTest        - 活动未开启（非open状态）
25-09-16.23:00:05.333 [main            ] INFO  ActivityBaseActionChain - 活动责任链-基础信息【有效期，状态】校验开始
25-09-16.23:00:05.334 [main            ] WARN  RaffleOrderTest        - 活动未开启（非open状态）
25-09-16.23:00:05.339 [main            ] INFO  ActivityBaseActionChain - 活动责任链-基础信息【有效期，状态】校验开始
25-09-16.23:00:05.339 [main            ] WARN  RaffleOrderTest        - 活动未开启（非open状态）
25-09-16.23:00:05.343 [main            ] INFO  ActivityBaseActionChain - 活动责任链-基础信息【有效期，状态】校验开始
25-09-16.23:00:05.343 [main            ] WARN  RaffleOrderTest        - 活动未开启（非open状态）
25-09-16.23:00:05.348 [main            ] INFO  ActivityBaseActionChain - 活动责任链-基础信息【有效期，状态】校验开始
25-09-16.23:00:05.348 [main            ] WARN  RaffleOrderTest        - 活动未开启（非open状态）
25-09-16.23:00:05.353 [main            ] INFO  ActivityBaseActionChain - 活动责任链-基础信息【有效期，状态】校验开始
25-09-16.23:00:05.354 [main            ] WARN  RaffleOrderTest        - 活动未开启（非open状态）
25-09-16.23:00:05.359 [main            ] INFO  ActivityBaseActionChain - 活动责任链-基础信息【有效期，状态】校验开始
25-09-16.23:00:05.360 [main            ] WARN  RaffleOrderTest        - 活动未开启（非open状态）
25-09-16.23:00:05.365 [main            ] INFO  ActivityBaseActionChain - 活动责任链-基础信息【有效期，状态】校验开始
25-09-16.23:00:05.365 [main            ] WARN  RaffleOrderTest        - 活动未开启（非open状态）
25-09-16.23:00:05.371 [main            ] INFO  ActivityBaseActionChain - 活动责任链-基础信息【有效期，状态】校验开始
25-09-16.23:00:05.371 [main            ] WARN  RaffleOrderTest        - 活动未开启（非open状态）
25-09-16.23:00:05.377 [main            ] INFO  ActivityBaseActionChain - 活动责任链-基础信息【有效期，状态】校验开始
25-09-16.23:00:05.377 [main            ] WARN  RaffleOrderTest        - 活动未开启（非open状态）
25-09-16.23:00:05.382 [main            ] INFO  ActivityBaseActionChain - 活动责任链-基础信息【有效期，状态】校验开始
25-09-16.23:00:05.382 [main            ] WARN  RaffleOrderTest        - 活动未开启（非open状态）
25-09-16.23:00:05.388 [main            ] INFO  ActivityBaseActionChain - 活动责任链-基础信息【有效期，状态】校验开始
25-09-16.23:00:05.388 [main            ] WARN  RaffleOrderTest        - 活动未开启（非open状态）
25-09-16.23:00:05.392 [main            ] INFO  ActivityBaseActionChain - 活动责任链-基础信息【有效期，状态】校验开始
25-09-16.23:00:05.393 [main            ] WARN  RaffleOrderTest        - 活动未开启（非open状态）
25-09-16.23:00:05.398 [main            ] INFO  ActivityBaseActionChain - 活动责任链-基础信息【有效期，状态】校验开始
25-09-16.23:00:05.399 [main            ] WARN  RaffleOrderTest        - 活动未开启（非open状态）
25-09-16.23:00:05.403 [main            ] INFO  ActivityBaseActionChain - 活动责任链-基础信息【有效期，状态】校验开始
25-09-16.23:00:05.403 [main            ] WARN  RaffleOrderTest        - 活动未开启（非open状态）
25-09-16.23:00:05.408 [main            ] INFO  ActivityBaseActionChain - 活动责任链-基础信息【有效期，状态】校验开始
25-09-16.23:00:05.408 [main            ] WARN  RaffleOrderTest        - 活动未开启（非open状态）
25-09-16.23:00:05.415 [main            ] INFO  ActivityBaseActionChain - 活动责任链-基础信息【有效期，状态】校验开始
25-09-16.23:00:05.415 [main            ] WARN  RaffleOrderTest        - 活动未开启（非open状态）
25-09-16.23:00:10.010 [scheduling-1    ] INFO  UpdateAwardStockJob    - 定时任务，更新奖品消耗库存【延迟队列获取，降低对数据库的更新频次，不要产生竞争】
25-09-16.23:00:10.012 [scheduling-1    ] INFO  UpdateAwardStockJob    - 当前无事务
25-09-16.23:00:10.012 [scheduling-1    ] INFO  UpdateActivitySkuStockJob - 定时任务，更新活动sku库存【延迟队列获取，降低对数据库的更新频次，不要产生竞争】
25-09-16.23:00:12.231 [org.springframework.amqp.rabbit.RabbitListenerEndpointContainer#0-2] INFO  SimpleMessageListenerContainer - Waiting for workers to finish.
25-09-16.23:00:12.814 [org.springframework.amqp.rabbit.RabbitListenerEndpointContainer#0-2] INFO  SimpleMessageListenerContainer - Successfully waited for workers to finish.
25-09-16.23:00:12.817 [SpringApplicationShutdownHook] INFO  SimpleMessageListenerContainer - Shutdown ignored - container is already stopped
25-09-16.23:04:32.975 [main            ] INFO  RaffleOrderTest        - Starting RaffleOrderTest using Java 1.8.0_462 on DESKTOP-8JHLMP8 with PID 22236 (started by XDUAI in D:\javacode\WebProj\big-market\big-market\big-market-app)
25-09-16.23:04:32.976 [main            ] INFO  RaffleOrderTest        - The following 1 profile is active: "dev"
25-09-16.23:04:33.883 [main            ] INFO  RepositoryConfigurationDelegate - Multiple Spring Data modules found, entering strict repository configuration mode
25-09-16.23:04:33.886 [main            ] INFO  RepositoryConfigurationDelegate - Bootstrapping Spring Data Redis repositories in DEFAULT mode.
25-09-16.23:04:33.920 [main            ] INFO  RepositoryConfigurationDelegate - Finished Spring Data repository scanning in 20 ms. Found 0 Redis repository interfaces.
25-09-16.23:04:34.861 [main            ] INFO  Version                - Redisson 3.23.4
25-09-16.23:04:35.210 [redisson-netty-2-4] INFO  MasterPubSubConnectionPool - 1 connections initialized for 127.0.0.1/127.0.0.1:6379
25-09-16.23:04:35.221 [redisson-netty-2-13] INFO  MasterConnectionPool   - 5 connections initialized for 127.0.0.1/127.0.0.1:6379
25-09-16.23:04:37.693 [main            ] INFO  EndpointLinksResolver  - Exposing 1 endpoint(s) beneath base path '/actuator'
25-09-16.23:04:37.774 [main            ] INFO  CachingConnectionFactory - Attempting to connect to: [127.0.0.1:5672]
25-09-16.23:04:37.842 [main            ] INFO  CachingConnectionFactory - Created new connection: rabbitConnectionFactory#7f5ce33e:0/SimpleConnection@57bd9c2b [delegate=amqp://admin@127.0.0.1:5672/, localPort= 50307]
25-09-16.23:04:37.911 [main            ] INFO  RaffleOrderTest        - Started RaffleOrderTest in 5.389 seconds (JVM running for 6.183)
25-09-16.23:04:38.114 [main            ] INFO  HikariDataSource       - Retail_HikariCP - Starting...
25-09-16.23:04:38.337 [main            ] INFO  HikariDataSource       - Retail_HikariCP - Start completed.
25-09-16.23:04:38.426 [main            ] INFO  RaffleOrderTest        - 装配活动：false
25-09-16.23:04:38.440 [main            ] INFO  ActivityBaseActionChain - 活动责任链-基础信息【有效期，状态】校验开始
25-09-16.23:04:38.441 [main            ] WARN  RaffleOrderTest        - 活动库存不足
25-09-16.23:04:38.447 [main            ] INFO  ActivityBaseActionChain - 活动责任链-基础信息【有效期，状态】校验开始
25-09-16.23:04:38.447 [main            ] WARN  RaffleOrderTest        - 活动库存不足
25-09-16.23:04:38.452 [main            ] INFO  ActivityBaseActionChain - 活动责任链-基础信息【有效期，状态】校验开始
25-09-16.23:04:38.452 [main            ] WARN  RaffleOrderTest        - 活动库存不足
25-09-16.23:04:38.457 [main            ] INFO  ActivityBaseActionChain - 活动责任链-基础信息【有效期，状态】校验开始
25-09-16.23:04:38.457 [main            ] WARN  RaffleOrderTest        - 活动库存不足
25-09-16.23:04:38.461 [main            ] INFO  ActivityBaseActionChain - 活动责任链-基础信息【有效期，状态】校验开始
25-09-16.23:04:38.462 [main            ] WARN  RaffleOrderTest        - 活动库存不足
25-09-16.23:04:38.466 [main            ] INFO  ActivityBaseActionChain - 活动责任链-基础信息【有效期，状态】校验开始
25-09-16.23:04:38.466 [main            ] WARN  RaffleOrderTest        - 活动库存不足
25-09-16.23:04:38.471 [main            ] INFO  ActivityBaseActionChain - 活动责任链-基础信息【有效期，状态】校验开始
25-09-16.23:04:38.471 [main            ] WARN  RaffleOrderTest        - 活动库存不足
25-09-16.23:04:38.476 [main            ] INFO  ActivityBaseActionChain - 活动责任链-基础信息【有效期，状态】校验开始
25-09-16.23:04:38.476 [main            ] WARN  RaffleOrderTest        - 活动库存不足
25-09-16.23:04:38.480 [main            ] INFO  ActivityBaseActionChain - 活动责任链-基础信息【有效期，状态】校验开始
25-09-16.23:04:38.481 [main            ] WARN  RaffleOrderTest        - 活动库存不足
25-09-16.23:04:38.486 [main            ] INFO  ActivityBaseActionChain - 活动责任链-基础信息【有效期，状态】校验开始
25-09-16.23:04:38.486 [main            ] WARN  RaffleOrderTest        - 活动库存不足
25-09-16.23:04:38.492 [main            ] INFO  ActivityBaseActionChain - 活动责任链-基础信息【有效期，状态】校验开始
25-09-16.23:04:38.492 [main            ] WARN  RaffleOrderTest        - 活动库存不足
25-09-16.23:04:38.497 [main            ] INFO  ActivityBaseActionChain - 活动责任链-基础信息【有效期，状态】校验开始
25-09-16.23:04:38.497 [main            ] WARN  RaffleOrderTest        - 活动库存不足
25-09-16.23:04:38.503 [main            ] INFO  ActivityBaseActionChain - 活动责任链-基础信息【有效期，状态】校验开始
25-09-16.23:04:38.504 [main            ] WARN  RaffleOrderTest        - 活动库存不足
25-09-16.23:04:38.508 [main            ] INFO  ActivityBaseActionChain - 活动责任链-基础信息【有效期，状态】校验开始
25-09-16.23:04:38.508 [main            ] WARN  RaffleOrderTest        - 活动库存不足
25-09-16.23:04:38.513 [main            ] INFO  ActivityBaseActionChain - 活动责任链-基础信息【有效期，状态】校验开始
25-09-16.23:04:38.513 [main            ] WARN  RaffleOrderTest        - 活动库存不足
25-09-16.23:04:38.518 [main            ] INFO  ActivityBaseActionChain - 活动责任链-基础信息【有效期，状态】校验开始
25-09-16.23:04:38.519 [main            ] WARN  RaffleOrderTest        - 活动库存不足
25-09-16.23:04:38.524 [main            ] INFO  ActivityBaseActionChain - 活动责任链-基础信息【有效期，状态】校验开始
25-09-16.23:04:38.524 [main            ] WARN  RaffleOrderTest        - 活动库存不足
25-09-16.23:04:38.528 [main            ] INFO  ActivityBaseActionChain - 活动责任链-基础信息【有效期，状态】校验开始
25-09-16.23:04:38.528 [main            ] WARN  RaffleOrderTest        - 活动库存不足
25-09-16.23:04:38.532 [main            ] INFO  ActivityBaseActionChain - 活动责任链-基础信息【有效期，状态】校验开始
25-09-16.23:04:38.532 [main            ] WARN  RaffleOrderTest        - 活动库存不足
25-09-16.23:04:38.536 [main            ] INFO  ActivityBaseActionChain - 活动责任链-基础信息【有效期，状态】校验开始
25-09-16.23:04:38.536 [main            ] WARN  RaffleOrderTest        - 活动库存不足
25-09-16.23:04:40.011 [scheduling-1    ] INFO  UpdateActivitySkuStockJob - 定时任务，更新活动sku库存【延迟队列获取，降低对数据库的更新频次，不要产生竞争】
25-09-16.23:04:40.016 [scheduling-1    ] INFO  UpdateAwardStockJob    - 定时任务，更新奖品消耗库存【延迟队列获取，降低对数据库的更新频次，不要产生竞争】
25-09-16.23:04:40.017 [scheduling-1    ] INFO  UpdateAwardStockJob    - 当前无事务
25-09-16.23:04:45.015 [scheduling-1    ] INFO  UpdateAwardStockJob    - 定时任务，更新奖品消耗库存【延迟队列获取，降低对数据库的更新频次，不要产生竞争】
25-09-16.23:04:45.017 [scheduling-1    ] INFO  UpdateAwardStockJob    - 当前无事务
25-09-16.23:04:45.018 [scheduling-1    ] INFO  UpdateActivitySkuStockJob - 定时任务，更新活动sku库存【延迟队列获取，降低对数据库的更新频次，不要产生竞争】
25-09-16.23:04:50.000 [scheduling-1    ] INFO  UpdateActivitySkuStockJob - 定时任务，更新活动sku库存【延迟队列获取，降低对数据库的更新频次，不要产生竞争】
25-09-16.23:04:50.002 [scheduling-1    ] INFO  UpdateAwardStockJob    - 定时任务，更新奖品消耗库存【延迟队列获取，降低对数据库的更新频次，不要产生竞争】
25-09-16.23:04:50.004 [scheduling-1    ] INFO  UpdateAwardStockJob    - 当前无事务
25-09-16.23:04:50.999 [org.springframework.amqp.rabbit.RabbitListenerEndpointContainer#0-2] INFO  SimpleMessageListenerContainer - Waiting for workers to finish.
25-09-16.23:04:51.990 [org.springframework.amqp.rabbit.RabbitListenerEndpointContainer#0-2] INFO  SimpleMessageListenerContainer - Successfully waited for workers to finish.
25-09-16.23:04:51.993 [SpringApplicationShutdownHook] INFO  SimpleMessageListenerContainer - Shutdown ignored - container is already stopped
25-09-16.23:05:34.493 [main            ] INFO  RaffleOrderTest        - Starting RaffleOrderTest using Java 1.8.0_462 on DESKTOP-8JHLMP8 with PID 25896 (started by XDUAI in D:\javacode\WebProj\big-market\big-market\big-market-app)
25-09-16.23:05:34.494 [main            ] INFO  RaffleOrderTest        - The following 1 profile is active: "dev"
25-09-16.23:05:35.429 [main            ] INFO  RepositoryConfigurationDelegate - Multiple Spring Data modules found, entering strict repository configuration mode
25-09-16.23:05:35.433 [main            ] INFO  RepositoryConfigurationDelegate - Bootstrapping Spring Data Redis repositories in DEFAULT mode.
25-09-16.23:05:35.466 [main            ] INFO  RepositoryConfigurationDelegate - Finished Spring Data repository scanning in 20 ms. Found 0 Redis repository interfaces.
25-09-16.23:05:36.435 [main            ] INFO  Version                - Redisson 3.23.4
25-09-16.23:05:36.782 [redisson-netty-2-4] INFO  MasterPubSubConnectionPool - 1 connections initialized for 127.0.0.1/127.0.0.1:6379
25-09-16.23:05:36.794 [redisson-netty-2-13] INFO  MasterConnectionPool   - 5 connections initialized for 127.0.0.1/127.0.0.1:6379
25-09-16.23:05:39.220 [main            ] INFO  EndpointLinksResolver  - Exposing 1 endpoint(s) beneath base path '/actuator'
25-09-16.23:05:39.304 [main            ] INFO  CachingConnectionFactory - Attempting to connect to: [127.0.0.1:5672]
25-09-16.23:05:39.372 [main            ] INFO  CachingConnectionFactory - Created new connection: rabbitConnectionFactory#7f5ce33e:0/SimpleConnection@57bd9c2b [delegate=amqp://admin@127.0.0.1:5672/, localPort= 50455]
25-09-16.23:05:39.439 [main            ] INFO  RaffleOrderTest        - Started RaffleOrderTest in 5.381 seconds (JVM running for 6.215)
25-09-16.23:05:39.644 [main            ] INFO  HikariDataSource       - Retail_HikariCP - Starting...
25-09-16.23:05:39.872 [main            ] INFO  HikariDataSource       - Retail_HikariCP - Start completed.
25-09-16.23:05:39.962 [main            ] INFO  RaffleOrderTest        - 装配活动：false
25-09-16.23:05:39.976 [main            ] INFO  ActivityBaseActionChain - 活动责任链-基础信息【有效期，状态】校验开始
25-09-16.23:05:39.977 [main            ] INFO  ActivitySkuStockActionChain - 活动责任链-库存信息【有效期，状态】校验开始sku:9011,activityId:100301
25-09-16.23:05:40.008 [scheduling-1    ] INFO  UpdateActivitySkuStockJob - 定时任务，更新活动sku库存【延迟队列获取，降低对数据库的更新频次，不要产生竞争】
25-09-16.23:05:40.013 [scheduling-1    ] INFO  UpdateAwardStockJob    - 定时任务，更新奖品消耗库存【延迟队列获取，降低对数据库的更新频次，不要产生竞争】
25-09-16.23:05:40.015 [scheduling-1    ] INFO  UpdateAwardStockJob    - 当前无事务
25-09-16.23:05:40.026 [org.springframework.amqp.rabbit.RabbitListenerEndpointContainer#0-2] INFO  SimpleMessageListenerContainer - Waiting for workers to finish.
25-09-16.23:05:40.431 [org.springframework.amqp.rabbit.RabbitListenerEndpointContainer#0-2] INFO  SimpleMessageListenerContainer - Successfully waited for workers to finish.
25-09-16.23:05:40.435 [SpringApplicationShutdownHook] INFO  SimpleMessageListenerContainer - Shutdown ignored - container is already stopped
25-09-16.23:13:46.677 [main            ] INFO  RaffleOrderTest        - Starting RaffleOrderTest using Java 1.8.0_462 on DESKTOP-8JHLMP8 with PID 24652 (started by XDUAI in D:\javacode\WebProj\big-market\big-market\big-market-app)
25-09-16.23:13:46.678 [main            ] INFO  RaffleOrderTest        - The following 1 profile is active: "dev"
25-09-16.23:13:47.615 [main            ] INFO  RepositoryConfigurationDelegate - Multiple Spring Data modules found, entering strict repository configuration mode
25-09-16.23:13:47.618 [main            ] INFO  RepositoryConfigurationDelegate - Bootstrapping Spring Data Redis repositories in DEFAULT mode.
25-09-16.23:13:47.651 [main            ] INFO  RepositoryConfigurationDelegate - Finished Spring Data repository scanning in 20 ms. Found 0 Redis repository interfaces.
25-09-16.23:13:48.658 [main            ] INFO  Version                - Redisson 3.23.4
25-09-16.23:13:49.013 [redisson-netty-2-4] INFO  MasterPubSubConnectionPool - 1 connections initialized for 127.0.0.1/127.0.0.1:6379
25-09-16.23:13:49.027 [redisson-netty-2-13] INFO  MasterConnectionPool   - 5 connections initialized for 127.0.0.1/127.0.0.1:6379
25-09-16.23:13:51.594 [main            ] INFO  EndpointLinksResolver  - Exposing 1 endpoint(s) beneath base path '/actuator'
25-09-16.23:13:51.678 [main            ] INFO  CachingConnectionFactory - Attempting to connect to: [127.0.0.1:5672]
25-09-16.23:13:51.759 [main            ] INFO  CachingConnectionFactory - Created new connection: rabbitConnectionFactory#7f5ce33e:0/SimpleConnection@57bd9c2b [delegate=amqp://admin@127.0.0.1:5672/, localPort= 51323]
25-09-16.23:13:51.836 [main            ] INFO  RaffleOrderTest        - Started RaffleOrderTest in 5.603 seconds (JVM running for 6.527)
25-09-16.23:13:52.043 [main            ] INFO  HikariDataSource       - Retail_HikariCP - Starting...
25-09-16.23:13:52.270 [main            ] INFO  HikariDataSource       - Retail_HikariCP - Start completed.
25-09-16.23:13:52.375 [main            ] INFO  RaffleOrderTest        - 装配活动：false
25-09-16.23:13:52.388 [main            ] INFO  ActivityBaseActionChain - 活动责任链-基础信息【有效期，状态】校验开始
25-09-16.23:13:52.389 [main            ] INFO  ActivitySkuStockActionChain - 活动责任链-库存信息【有效期，状态】校验开始sku:9011,activityId:100301
25-09-16.23:13:52.393 [main            ] INFO  ActivitySkuStockActionChain - 活动责任链-商品库存处理【有效期库存处理成功】sku:9011,activityId:100301
25-09-16.23:13:52.439 [main            ] INFO  HikariDataSource       - Retail_HikariCP - Starting...
25-09-16.23:13:52.459 [main            ] INFO  HikariDataSource       - Retail_HikariCP - Start completed.
25-09-16.23:13:52.522 [main            ] ERROR ActivityRespositoryImpl - 写入订单记录，唯一索引冲突 userId: xiaofuge activityId: 100301 sku: 9011
org.springframework.dao.DuplicateKeyException: 
### Error updating database.  Cause: java.sql.SQLIntegrityConstraintViolationException: Duplicate entry '700091009111' for key 'raffle_activity_order_001.uq_out_business_no'
### The error may exist in file [D:\javacode\WebProj\big-market\big-market\big-market-app\target\classes\mybatis\mapper\raffle_activity_order_mapper.xml]
### The error may involve cn.bugstack.infrastructure.persistent.dao.IRaffleActivityOrderDao.insert-Inline
### The error occurred while setting parameters
### SQL: insert into raffle_activity_order_001(user_id,sku,out_business_no,activity_id, activity_name, strategy_id, order_id, order_time,                                           total_count, day_count, month_count,state, create_time, update_time)         values(?, ?,?,?, ?, ?, ?,                ?,?, ?, ?,?, now(), now())
### Cause: java.sql.SQLIntegrityConstraintViolationException: Duplicate entry '700091009111' for key 'raffle_activity_order_001.uq_out_business_no'
; Duplicate entry '700091009111' for key 'raffle_activity_order_001.uq_out_business_no'; nested exception is java.sql.SQLIntegrityConstraintViolationException: Duplicate entry '700091009111' for key 'raffle_activity_order_001.uq_out_business_no'
	at org.springframework.jdbc.support.SQLErrorCodeSQLExceptionTranslator.doTranslate(SQLErrorCodeSQLExceptionTranslator.java:247)
	at org.springframework.jdbc.support.AbstractFallbackSQLExceptionTranslator.translate(AbstractFallbackSQLExceptionTranslator.java:70)
	at org.mybatis.spring.MyBatisExceptionTranslator.translateExceptionIfPossible(MyBatisExceptionTranslator.java:91)
	at org.mybatis.spring.SqlSessionTemplate$SqlSessionInterceptor.invoke(SqlSessionTemplate.java:441)
	at com.sun.proxy.$Proxy112.insert(Unknown Source)
	at org.mybatis.spring.SqlSessionTemplate.insert(SqlSessionTemplate.java:272)
	at org.apache.ibatis.binding.MapperMethod.execute(MapperMethod.java:62)
	at org.apache.ibatis.binding.MapperProxy$PlainMethodInvoker.invoke(MapperProxy.java:152)
	at org.apache.ibatis.binding.MapperProxy.invoke(MapperProxy.java:85)
	at com.sun.proxy.$Proxy124.insert(Unknown Source)
	at sun.reflect.NativeMethodAccessorImpl.invoke0(Native Method)
	at sun.reflect.NativeMethodAccessorImpl.invoke(NativeMethodAccessorImpl.java:62)
	at sun.reflect.DelegatingMethodAccessorImpl.invoke(DelegatingMethodAccessorImpl.java:43)
	at java.lang.reflect.Method.invoke(Method.java:498)
	at org.springframework.aop.support.AopUtils.invokeJoinpointUsingReflection(AopUtils.java:344)
	at org.springframework.aop.framework.ReflectiveMethodInvocation.invokeJoinpoint(ReflectiveMethodInvocation.java:198)
	at org.springframework.aop.framework.ReflectiveMethodInvocation.proceed(ReflectiveMethodInvocation.java:163)
	at org.springframework.aop.interceptor.ExposeInvocationInterceptor.invoke(ExposeInvocationInterceptor.java:97)
	at org.springframework.aop.framework.ReflectiveMethodInvocation.proceed(ReflectiveMethodInvocation.java:186)
	at org.springframework.aop.framework.JdkDynamicAopProxy.invoke(JdkDynamicAopProxy.java:220)
	at com.sun.proxy.$Proxy125.insert(Unknown Source)
	at cn.bugstack.infrastructure.persistent.repository.ActivityRespositoryImpl.lambda$doSaveOrder$0(ActivityRespositoryImpl.java:149)
	at org.springframework.transaction.support.TransactionTemplate.execute(TransactionTemplate.java:140)
	at cn.bugstack.infrastructure.persistent.repository.ActivityRespositoryImpl.doSaveOrder(ActivityRespositoryImpl.java:146)
	at cn.bugstack.infrastructure.persistent.repository.ActivityRespositoryImpl$$FastClassBySpringCGLIB$$af0bf327.invoke(<generated>)
	at org.springframework.cglib.proxy.MethodProxy.invoke(MethodProxy.java:218)
	at org.springframework.aop.framework.CglibAopProxy$CglibMethodInvocation.invokeJoinpoint(CglibAopProxy.java:793)
	at org.springframework.aop.framework.ReflectiveMethodInvocation.proceed(ReflectiveMethodInvocation.java:163)
	at org.springframework.aop.framework.CglibAopProxy$CglibMethodInvocation.proceed(CglibAopProxy.java:763)
	at org.springframework.dao.support.PersistenceExceptionTranslationInterceptor.invoke(PersistenceExceptionTranslationInterceptor.java:137)
	at org.springframework.aop.framework.ReflectiveMethodInvocation.proceed(ReflectiveMethodInvocation.java:186)
	at org.springframework.aop.framework.CglibAopProxy$CglibMethodInvocation.proceed(CglibAopProxy.java:763)
	at org.springframework.aop.framework.CglibAopProxy$DynamicAdvisedInterceptor.intercept(CglibAopProxy.java:708)
	at cn.bugstack.infrastructure.persistent.repository.ActivityRespositoryImpl$$EnhancerBySpringCGLIB$$b68f559c.doSaveOrder(<generated>)
	at cn.bugstack.domain.activity.service.quota.RaffleActivityServiceAccountQuotaService.doSaveOrder(RaffleActivityService.java:50)
	at cn.bugstack.domain.activity.service.quota.AbstractRaffleActivityQuotaAccount.createSkuRechargeOrder(AbstractRaffleActivity.java:66)
	at cn.bugstack.test.domain.activity.RaffleActivityQuotaOrderTest.test_createSkuRechargeOrder_duplicate(RaffleOrderTest.java:45)
	at sun.reflect.NativeMethodAccessorImpl.invoke0(Native Method)
	at sun.reflect.NativeMethodAccessorImpl.invoke(NativeMethodAccessorImpl.java:62)
	at sun.reflect.DelegatingMethodAccessorImpl.invoke(DelegatingMethodAccessorImpl.java:43)
	at java.lang.reflect.Method.invoke(Method.java:498)
	at org.junit.runners.model.FrameworkMethod$1.runReflectiveCall(FrameworkMethod.java:59)
	at org.junit.internal.runners.model.ReflectiveCallable.run(ReflectiveCallable.java:12)
	at org.junit.runners.model.FrameworkMethod.invokeExplosively(FrameworkMethod.java:56)
	at org.junit.internal.runners.statements.InvokeMethod.evaluate(InvokeMethod.java:17)
	at org.springframework.test.context.junit4.statements.RunBeforeTestExecutionCallbacks.evaluate(RunBeforeTestExecutionCallbacks.java:74)
	at org.springframework.test.context.junit4.statements.RunAfterTestExecutionCallbacks.evaluate(RunAfterTestExecutionCallbacks.java:84)
	at org.junit.internal.runners.statements.RunBefores.evaluate(RunBefores.java:26)
	at org.springframework.test.context.junit4.statements.RunBeforeTestMethodCallbacks.evaluate(RunBeforeTestMethodCallbacks.java:75)
	at org.springframework.test.context.junit4.statements.RunAfterTestMethodCallbacks.evaluate(RunAfterTestMethodCallbacks.java:86)
	at org.springframework.test.context.junit4.statements.SpringRepeat.evaluate(SpringRepeat.java:84)
	at org.junit.runners.ParentRunner.runLeaf(ParentRunner.java:366)
	at org.springframework.test.context.junit4.SpringJUnit4ClassRunner.runChild(SpringJUnit4ClassRunner.java:251)
	at org.springframework.test.context.junit4.SpringJUnit4ClassRunner.runChild(SpringJUnit4ClassRunner.java:97)
	at org.junit.runners.ParentRunner$4.run(ParentRunner.java:331)
	at org.junit.runners.ParentRunner$1.schedule(ParentRunner.java:79)
	at org.junit.runners.ParentRunner.runChildren(ParentRunner.java:329)
	at org.junit.runners.ParentRunner.access$100(ParentRunner.java:66)
	at org.junit.runners.ParentRunner$2.evaluate(ParentRunner.java:293)
	at org.springframework.test.context.junit4.statements.RunBeforeTestClassCallbacks.evaluate(RunBeforeTestClassCallbacks.java:61)
	at org.springframework.test.context.junit4.statements.RunAfterTestClassCallbacks.evaluate(RunAfterTestClassCallbacks.java:70)
	at org.junit.runners.ParentRunner$3.evaluate(ParentRunner.java:306)
	at org.junit.runners.ParentRunner.run(ParentRunner.java:413)
	at org.springframework.test.context.junit4.SpringJUnit4ClassRunner.run(SpringJUnit4ClassRunner.java:190)
	at org.junit.runner.JUnitCore.run(JUnitCore.java:137)
	at com.intellij.junit4.JUnit4IdeaTestRunner.startRunnerWithArgs(JUnit4IdeaTestRunner.java:69)
	at com.intellij.rt.junit.IdeaTestRunner$Repeater$1.execute(IdeaTestRunner.java:38)
	at com.intellij.rt.execution.junit.TestsRepeater.repeat(TestsRepeater.java:11)
	at com.intellij.rt.junit.IdeaTestRunner$Repeater.startRunnerWithArgs(IdeaTestRunner.java:35)
	at com.intellij.rt.junit.JUnitStarter.prepareStreamsAndStart(JUnitStarter.java:231)
	at com.intellij.rt.junit.JUnitStarter.main(JUnitStarter.java:55)
Caused by: java.sql.SQLIntegrityConstraintViolationException: Duplicate entry '700091009111' for key 'raffle_activity_order_001.uq_out_business_no'
	at com.mysql.cj.jdbc.exceptions.SQLError.createSQLException(SQLError.java:117)
	at com.mysql.cj.jdbc.exceptions.SQLError.createSQLException(SQLError.java:97)
	at com.mysql.cj.jdbc.exceptions.SQLExceptionsMapping.translateException(SQLExceptionsMapping.java:122)
	at com.mysql.cj.jdbc.ClientPreparedStatement.executeInternal(ClientPreparedStatement.java:953)
	at com.mysql.cj.jdbc.ClientPreparedStatement.execute(ClientPreparedStatement.java:370)
	at com.zaxxer.hikari.pool.ProxyPreparedStatement.execute(ProxyPreparedStatement.java:44)
	at com.zaxxer.hikari.pool.HikariProxyPreparedStatement.execute(HikariProxyPreparedStatement.java)
	at org.apache.ibatis.executor.statement.PreparedStatementHandler.update(PreparedStatementHandler.java:47)
	at org.apache.ibatis.executor.statement.RoutingStatementHandler.update(RoutingStatementHandler.java:74)
	at sun.reflect.NativeMethodAccessorImpl.invoke0(Native Method)
	at sun.reflect.NativeMethodAccessorImpl.invoke(NativeMethodAccessorImpl.java:62)
	at sun.reflect.DelegatingMethodAccessorImpl.invoke(DelegatingMethodAccessorImpl.java:43)
	at java.lang.reflect.Method.invoke(Method.java:498)
	at org.apache.ibatis.plugin.Plugin.invoke(Plugin.java:63)
	at com.sun.proxy.$Proxy195.update(Unknown Source)
	at org.apache.ibatis.executor.SimpleExecutor.doUpdate(SimpleExecutor.java:50)
	at org.apache.ibatis.executor.BaseExecutor.update(BaseExecutor.java:117)
	at org.apache.ibatis.executor.CachingExecutor.update(CachingExecutor.java:76)
	at org.apache.ibatis.session.defaults.DefaultSqlSession.update(DefaultSqlSession.java:197)
	at org.apache.ibatis.session.defaults.DefaultSqlSession.insert(DefaultSqlSession.java:184)
	at sun.reflect.NativeMethodAccessorImpl.invoke0(Native Method)
	at sun.reflect.NativeMethodAccessorImpl.invoke(NativeMethodAccessorImpl.java:62)
	at sun.reflect.DelegatingMethodAccessorImpl.invoke(DelegatingMethodAccessorImpl.java:43)
	at java.lang.reflect.Method.invoke(Method.java:498)
	at org.mybatis.spring.SqlSessionTemplate$SqlSessionInterceptor.invoke(SqlSessionTemplate.java:427)
	... 67 common frames omitted
25-09-16.23:13:52.644 [org.springframework.amqp.rabbit.RabbitListenerEndpointContainer#0-2] INFO  SimpleMessageListenerContainer - Waiting for workers to finish.
25-09-16.23:13:52.821 [org.springframework.amqp.rabbit.RabbitListenerEndpointContainer#0-2] INFO  SimpleMessageListenerContainer - Successfully waited for workers to finish.
25-09-16.23:13:52.824 [SpringApplicationShutdownHook] INFO  SimpleMessageListenerContainer - Shutdown ignored - container is already stopped
25-09-16.23:14:57.568 [main            ] INFO  RaffleOrderTest        - Starting RaffleOrderTest using Java 1.8.0_462 on DESKTOP-8JHLMP8 with PID 24668 (started by XDUAI in D:\javacode\WebProj\big-market\big-market\big-market-app)
25-09-16.23:14:57.569 [main            ] INFO  RaffleOrderTest        - The following 1 profile is active: "dev"
25-09-16.23:14:58.529 [main            ] INFO  RepositoryConfigurationDelegate - Multiple Spring Data modules found, entering strict repository configuration mode
25-09-16.23:14:58.531 [main            ] INFO  RepositoryConfigurationDelegate - Bootstrapping Spring Data Redis repositories in DEFAULT mode.
25-09-16.23:14:58.564 [main            ] INFO  RepositoryConfigurationDelegate - Finished Spring Data repository scanning in 20 ms. Found 0 Redis repository interfaces.
25-09-16.23:14:59.556 [main            ] INFO  Version                - Redisson 3.23.4
25-09-16.23:14:59.916 [redisson-netty-2-4] INFO  MasterPubSubConnectionPool - 1 connections initialized for 127.0.0.1/127.0.0.1:6379
25-09-16.23:14:59.930 [redisson-netty-2-13] INFO  MasterConnectionPool   - 5 connections initialized for 127.0.0.1/127.0.0.1:6379
25-09-16.23:15:02.421 [main            ] INFO  EndpointLinksResolver  - Exposing 1 endpoint(s) beneath base path '/actuator'
25-09-16.23:15:02.508 [main            ] INFO  CachingConnectionFactory - Attempting to connect to: [127.0.0.1:5672]
25-09-16.23:15:02.580 [main            ] INFO  CachingConnectionFactory - Created new connection: rabbitConnectionFactory#7f5ce33e:0/SimpleConnection@57bd9c2b [delegate=amqp://admin@127.0.0.1:5672/, localPort= 51526]
25-09-16.23:15:02.653 [main            ] INFO  RaffleOrderTest        - Started RaffleOrderTest in 5.536 seconds (JVM running for 6.322)
25-09-16.23:15:02.865 [main            ] INFO  HikariDataSource       - Retail_HikariCP - Starting...
25-09-16.23:15:03.094 [main            ] INFO  HikariDataSource       - Retail_HikariCP - Start completed.
25-09-16.23:15:03.173 [main            ] INFO  RaffleOrderTest        - 装配活动：false
25-09-16.23:15:03.183 [main            ] INFO  ActivityBaseActionChain - 活动责任链-基础信息【有效期，状态】校验开始
25-09-16.23:15:03.183 [main            ] INFO  ActivitySkuStockActionChain - 活动责任链-库存信息【有效期，状态】校验开始sku:9011,activityId:100301
25-09-16.23:15:03.190 [main            ] INFO  ActivitySkuStockActionChain - 活动责任链-商品库存处理【有效期库存处理成功】sku:9011,activityId:100301
25-09-16.23:15:03.217 [main            ] INFO  HikariDataSource       - Retail_HikariCP - Starting...
25-09-16.23:15:03.237 [main            ] INFO  HikariDataSource       - Retail_HikariCP - Start completed.
25-09-16.23:15:03.467 [main            ] INFO  RaffleOrderTest        - 测试结果：e97yCq1kgwge
25-09-16.23:15:03.472 [main            ] INFO  ActivityBaseActionChain - 活动责任链-基础信息【有效期，状态】校验开始
25-09-16.23:15:03.473 [main            ] INFO  ActivitySkuStockActionChain - 活动责任链-库存信息【有效期，状态】校验开始sku:9011,activityId:100301
25-09-16.23:15:03.475 [main            ] INFO  ActivitySkuStockActionChain - 活动责任链-商品库存处理【有效期库存处理成功】sku:9011,activityId:100301
25-09-16.23:15:03.860 [main            ] INFO  RaffleOrderTest        - 测试结果：UyGvrSU2u7yH
25-09-16.23:15:03.865 [main            ] INFO  ActivityBaseActionChain - 活动责任链-基础信息【有效期，状态】校验开始
25-09-16.23:15:03.865 [main            ] INFO  ActivitySkuStockActionChain - 活动责任链-库存信息【有效期，状态】校验开始sku:9011,activityId:100301
25-09-16.23:15:03.867 [main            ] INFO  ActivitySkuStockActionChain - 活动责任链-商品库存处理【有效期库存处理成功】sku:9011,activityId:100301
25-09-16.23:15:04.022 [main            ] INFO  RaffleOrderTest        - 测试结果：XL8ecCImVMxv
25-09-16.23:15:04.027 [main            ] INFO  ActivityBaseActionChain - 活动责任链-基础信息【有效期，状态】校验开始
25-09-16.23:15:04.027 [main            ] INFO  ActivitySkuStockActionChain - 活动责任链-库存信息【有效期，状态】校验开始sku:9011,activityId:100301
25-09-16.23:15:04.030 [main            ] INFO  ActivitySkuStockActionChain - 活动责任链-商品库存处理【有效期库存处理成功】sku:9011,activityId:100301
25-09-16.23:15:04.219 [main            ] INFO  RaffleOrderTest        - 测试结果：p9gQnvVi0WUB
25-09-16.23:15:04.223 [main            ] INFO  ActivityBaseActionChain - 活动责任链-基础信息【有效期，状态】校验开始
25-09-16.23:15:04.223 [main            ] INFO  ActivitySkuStockActionChain - 活动责任链-库存信息【有效期，状态】校验开始sku:9011,activityId:100301
25-09-16.23:15:04.226 [main            ] INFO  ActivitySkuStockActionChain - 活动责任链-商品库存处理【有效期库存处理成功】sku:9011,activityId:100301
25-09-16.23:15:04.507 [main            ] INFO  RaffleOrderTest        - 测试结果：bxylQJuVPbes
25-09-16.23:15:04.511 [main            ] INFO  ActivityBaseActionChain - 活动责任链-基础信息【有效期，状态】校验开始
25-09-16.23:15:04.512 [main            ] INFO  ActivitySkuStockActionChain - 活动责任链-库存信息【有效期，状态】校验开始sku:9011,activityId:100301
25-09-16.23:15:04.514 [main            ] INFO  ActivitySkuStockActionChain - 活动责任链-商品库存处理【有效期库存处理成功】sku:9011,activityId:100301
25-09-16.23:15:04.739 [main            ] INFO  RaffleOrderTest        - 测试结果：YcGKR9OAjPey
25-09-16.23:15:04.743 [main            ] INFO  ActivityBaseActionChain - 活动责任链-基础信息【有效期，状态】校验开始
25-09-16.23:15:04.744 [main            ] INFO  ActivitySkuStockActionChain - 活动责任链-库存信息【有效期，状态】校验开始sku:9011,activityId:100301
25-09-16.23:15:04.746 [main            ] INFO  ActivitySkuStockActionChain - 活动责任链-商品库存处理【有效期库存处理成功】sku:9011,activityId:100301
25-09-16.23:15:04.923 [main            ] INFO  RaffleOrderTest        - 测试结果：RgDwxjMAq7Zo
25-09-16.23:15:04.928 [main            ] INFO  ActivityBaseActionChain - 活动责任链-基础信息【有效期，状态】校验开始
25-09-16.23:15:04.928 [main            ] INFO  ActivitySkuStockActionChain - 活动责任链-库存信息【有效期，状态】校验开始sku:9011,activityId:100301
25-09-16.23:15:04.929 [main            ] INFO  ActivitySkuStockActionChain - 活动责任链-商品库存处理【有效期库存处理成功】sku:9011,activityId:100301
25-09-16.23:15:05.003 [scheduling-1    ] INFO  UpdateActivitySkuStockJob - 定时任务，更新活动sku库存【延迟队列获取，降低对数据库的更新频次，不要产生竞争】
25-09-16.23:15:05.006 [scheduling-1    ] INFO  UpdateActivitySkuStockJob - 定时任务，更新活动sku库存 sku:9011 activityId:100301
25-09-16.23:15:05.098 [main            ] INFO  RaffleOrderTest        - 测试结果：ovJOUIJ1j3IG
25-09-16.23:15:05.104 [main            ] INFO  ActivityBaseActionChain - 活动责任链-基础信息【有效期，状态】校验开始
25-09-16.23:15:05.104 [main            ] INFO  ActivitySkuStockActionChain - 活动责任链-库存信息【有效期，状态】校验开始sku:9011,activityId:100301
25-09-16.23:15:05.106 [main            ] INFO  ActivitySkuStockActionChain - 活动责任链-商品库存处理【有效期库存处理成功】sku:9011,activityId:100301
25-09-16.23:15:05.165 [scheduling-1    ] INFO  UpdateAwardStockJob    - 定时任务，更新奖品消耗库存【延迟队列获取，降低对数据库的更新频次，不要产生竞争】
25-09-16.23:15:05.167 [scheduling-1    ] INFO  UpdateAwardStockJob    - 当前无事务
25-09-16.23:15:05.285 [main            ] INFO  RaffleOrderTest        - 测试结果：dDnzvDEP7bGF
25-09-16.23:15:05.291 [main            ] INFO  ActivityBaseActionChain - 活动责任链-基础信息【有效期，状态】校验开始
25-09-16.23:15:05.291 [main            ] INFO  ActivitySkuStockActionChain - 活动责任链-库存信息【有效期，状态】校验开始sku:9011,activityId:100301
25-09-16.23:15:05.295 [main            ] INFO  ActivitySkuStockActionChain - 活动责任链-商品库存处理【有效期库存处理成功】sku:9011,activityId:100301
25-09-16.23:15:05.519 [main            ] INFO  RaffleOrderTest        - 测试结果：gJSONE1e69nI
25-09-16.23:15:05.526 [main            ] INFO  ActivityBaseActionChain - 活动责任链-基础信息【有效期，状态】校验开始
25-09-16.23:15:05.526 [main            ] INFO  ActivitySkuStockActionChain - 活动责任链-库存信息【有效期，状态】校验开始sku:9011,activityId:100301
25-09-16.23:15:05.529 [main            ] INFO  ActivitySkuStockActionChain - 活动责任链-商品库存处理【有效期库存处理成功】sku:9011,activityId:100301
25-09-16.23:15:05.920 [main            ] INFO  RaffleOrderTest        - 测试结果：3611UBB5gc0U
25-09-16.23:15:05.925 [main            ] INFO  ActivityBaseActionChain - 活动责任链-基础信息【有效期，状态】校验开始
25-09-16.23:15:05.925 [main            ] INFO  ActivitySkuStockActionChain - 活动责任链-库存信息【有效期，状态】校验开始sku:9011,activityId:100301
25-09-16.23:15:05.926 [main            ] INFO  ActivitySkuStockActionChain - 活动责任链-商品库存处理【有效期库存处理成功】sku:9011,activityId:100301
25-09-16.23:15:06.152 [main            ] INFO  RaffleOrderTest        - 测试结果：cpvGu8g4TrFs
25-09-16.23:15:06.156 [main            ] INFO  ActivityBaseActionChain - 活动责任链-基础信息【有效期，状态】校验开始
25-09-16.23:15:06.156 [main            ] INFO  ActivitySkuStockActionChain - 活动责任链-库存信息【有效期，状态】校验开始sku:9011,activityId:100301
25-09-16.23:15:06.159 [main            ] INFO  ActivitySkuStockActionChain - 活动责任链-商品库存处理【有效期库存处理成功】sku:9011,activityId:100301
25-09-16.23:15:06.327 [main            ] INFO  RaffleOrderTest        - 测试结果：7Oa0uNZrkbGw
25-09-16.23:15:06.332 [main            ] INFO  ActivityBaseActionChain - 活动责任链-基础信息【有效期，状态】校验开始
25-09-16.23:15:06.332 [main            ] INFO  ActivitySkuStockActionChain - 活动责任链-库存信息【有效期，状态】校验开始sku:9011,activityId:100301
25-09-16.23:15:06.333 [main            ] INFO  ActivitySkuStockActionChain - 活动责任链-商品库存处理【有效期库存处理成功】sku:9011,activityId:100301
25-09-16.23:15:06.511 [main            ] INFO  RaffleOrderTest        - 测试结果：bu3CgIFFEYsa
25-09-16.23:15:06.517 [main            ] INFO  ActivityBaseActionChain - 活动责任链-基础信息【有效期，状态】校验开始
25-09-16.23:15:06.517 [main            ] INFO  ActivitySkuStockActionChain - 活动责任链-库存信息【有效期，状态】校验开始sku:9011,activityId:100301
25-09-16.23:15:06.519 [main            ] INFO  ActivitySkuStockActionChain - 活动责任链-商品库存处理【有效期库存处理成功】sku:9011,activityId:100301
25-09-16.23:15:06.713 [main            ] INFO  RaffleOrderTest        - 测试结果：kSegNBS8fYKc
25-09-16.23:15:06.719 [main            ] INFO  ActivityBaseActionChain - 活动责任链-基础信息【有效期，状态】校验开始
25-09-16.23:15:06.719 [main            ] INFO  ActivitySkuStockActionChain - 活动责任链-库存信息【有效期，状态】校验开始sku:9011,activityId:100301
25-09-16.23:15:06.721 [main            ] INFO  ActivitySkuStockActionChain - 活动责任链-商品库存处理【有效期库存处理成功】sku:9011,activityId:100301
25-09-16.23:15:06.911 [main            ] INFO  RaffleOrderTest        - 测试结果：oGU07iOQFVyV
25-09-16.23:15:06.915 [main            ] INFO  ActivityBaseActionChain - 活动责任链-基础信息【有效期，状态】校验开始
25-09-16.23:15:06.915 [main            ] INFO  ActivitySkuStockActionChain - 活动责任链-库存信息【有效期，状态】校验开始sku:9011,activityId:100301
25-09-16.23:15:06.917 [main            ] INFO  ActivitySkuStockActionChain - 活动责任链-商品库存处理【有效期库存处理成功】sku:9011,activityId:100301
25-09-16.23:15:07.280 [main            ] INFO  RaffleOrderTest        - 测试结果：wfcHUbQv2qhu
25-09-16.23:15:07.284 [main            ] INFO  ActivityBaseActionChain - 活动责任链-基础信息【有效期，状态】校验开始
25-09-16.23:15:07.285 [main            ] INFO  ActivitySkuStockActionChain - 活动责任链-库存信息【有效期，状态】校验开始sku:9011,activityId:100301
25-09-16.23:15:07.287 [main            ] INFO  ActivitySkuStockActionChain - 活动责任链-商品库存处理【有效期库存处理成功】sku:9011,activityId:100301
25-09-16.23:15:07.473 [main            ] INFO  RaffleOrderTest        - 测试结果：9YJ3jsWCYzf2
25-09-16.23:15:07.476 [main            ] INFO  ActivityBaseActionChain - 活动责任链-基础信息【有效期，状态】校验开始
25-09-16.23:15:07.477 [main            ] INFO  ActivitySkuStockActionChain - 活动责任链-库存信息【有效期，状态】校验开始sku:9011,activityId:100301
25-09-16.23:15:07.631 [main            ] INFO  EventPublisher         - 发送MQ消息 topic:activity_sku_stock_zero message:{"data":9011,"id":"27261918060","timestamp":1758035707479}
25-09-16.23:15:07.632 [main            ] WARN  RaffleOrderTest        - 活动库存不足
25-09-16.23:15:07.636 [main            ] INFO  ActivityBaseActionChain - 活动责任链-基础信息【有效期，状态】校验开始
25-09-16.23:15:07.636 [main            ] INFO  ActivitySkuStockActionChain - 活动责任链-库存信息【有效期，状态】校验开始sku:9011,activityId:100301
25-09-16.23:15:07.638 [main            ] WARN  RaffleOrderTest        - 活动库存不足
25-09-16.23:15:07.706 [org.springframework.amqp.rabbit.RabbitListenerEndpointContainer#0-1] INFO  ActivitySkuStockZeroCustomer - 监听活动sku库存消耗为0消息 topic: activity_sku_stock_zero message: {"data":9011,"id":"27261918060","timestamp":1758035707479}
25-09-16.23:15:10.005 [scheduling-1    ] INFO  UpdateAwardStockJob    - 定时任务，更新奖品消耗库存【延迟队列获取，降低对数据库的更新频次，不要产生竞争】
25-09-16.23:15:10.007 [scheduling-1    ] INFO  UpdateAwardStockJob    - 当前无事务
25-09-16.23:15:10.007 [scheduling-1    ] INFO  UpdateActivitySkuStockJob - 定时任务，更新活动sku库存【延迟队列获取，降低对数据库的更新频次，不要产生竞争】
25-09-16.23:15:10.008 [scheduling-1    ] INFO  UpdateActivitySkuStockJob - 定时任务，更新活动sku库存 sku:9011 activityId:100301
25-09-16.23:15:15.012 [scheduling-1    ] INFO  UpdateAwardStockJob    - 定时任务，更新奖品消耗库存【延迟队列获取，降低对数据库的更新频次，不要产生竞争】
25-09-16.23:15:15.013 [scheduling-1    ] INFO  UpdateAwardStockJob    - 当前无事务
25-09-16.23:15:15.013 [scheduling-1    ] INFO  UpdateActivitySkuStockJob - 定时任务，更新活动sku库存【延迟队列获取，降低对数据库的更新频次，不要产生竞争】
25-09-16.23:15:15.016 [scheduling-1    ] INFO  UpdateActivitySkuStockJob - 定时任务，更新活动sku库存 sku:9011 activityId:100301
25-09-16.23:15:15.272 [org.springframework.amqp.rabbit.RabbitListenerEndpointContainer#0-2] INFO  SimpleMessageListenerContainer - Waiting for workers to finish.
25-09-16.23:15:15.962 [org.springframework.amqp.rabbit.RabbitListenerEndpointContainer#0-2] INFO  SimpleMessageListenerContainer - Successfully waited for workers to finish.
25-09-16.23:15:15.965 [SpringApplicationShutdownHook] INFO  SimpleMessageListenerContainer - Shutdown ignored - container is already stopped
